La génération a démarré 03/12/2020 16:27:56.
     1>Projet "C:\Users\Clément\source\repos\ConsoleApplication1\ConsoleApplication1\ConsoleApplication1.vcxproj" sur le nœud 2 (Build cible(s)).
     1>Génération à l'aide des outils version "15.0".
       Cible "EnableIntermediateOutputPathMismatchWarning" ignorée en raison d'une fausse condition ; ('$(RestoreProjectStyle)' == 'PackageReference') a été évaluée comme ('' == 'PackageReference').
     1>Cible "_CheckForInvalidConfigurationAndPlatform" dans le fichier "C:\Program Files (x86)\Microsoft Visual Studio\2017\Community\MSBuild\15.0\Bin\Microsoft.Common.CurrentVersion.targets" du projet "C:\Users\Clément\source\repos\ConsoleApplication1\ConsoleApplication1\ConsoleApplication1.vcxproj" (la cible "SetTelemetryEnvironmentVariables" en dépend) :
       Tâche "Error" ignorée en raison d'une fausse condition ; ( '$(_InvalidConfigurationError)' == 'true' ) a été évaluée comme ( '' == 'true' ).
       Tâche "Warning" ignorée en raison d'une fausse condition ; ( '$(_InvalidConfigurationWarning)' == 'true' ) a été évaluée comme ( '' == 'true' ).
       Utilisation de la tâche "Message" à partir de l'assembly "Microsoft.Build.Tasks.Core, Version=15.1.0.0, Culture=neutral, PublicKeyToken=b03f5f7f11d50a3a".
       Tâche "Message"
         Configuration=Debug
       Exécution de la tâche "Message" terminée.
       Tâche "Message"
         Platform=Win32
       Exécution de la tâche "Message" terminée.
       Tâche "Error" ignorée en raison d'une fausse condition ; ('$(OutDir)' != '' and !HasTrailingSlash('$(OutDir)')) a été évaluée comme ('C:\Users\Clément\source\repos\ConsoleApplication1\Debug\' != '' and !HasTrailingSlash('C:\Users\Clément\source\repos\ConsoleApplication1\Debug\')).
       Tâche "Error" ignorée en raison d'une fausse condition ; ('$(BaseIntermediateOutputPath)' != '' and !HasTrailingSlash('$(BaseIntermediateOutputPath)')) a été évaluée comme ('obj\' != '' and !HasTrailingSlash('obj\')).
       Tâche "Error" ignorée en raison d'une fausse condition ; ('$(IntermediateOutputPath)' != '' and !HasTrailingSlash('$(IntermediateOutputPath)')) a été évaluée comme ('Debug\' != '' and !HasTrailingSlash('Debug\')).
       Tâche "Error" ignorée en raison d'une fausse condition ; ( '$(_InitialMSBuildProjectExtensionsPath)' != '' And '$(MSBuildProjectExtensionsPath)' != '$(_InitialMSBuildProjectExtensionsPath)' ) a été évaluée comme ( 'C:\Users\Clément\source\repos\ConsoleApplication1\ConsoleApplication1\obj\' != '' And 'C:\Users\Clément\source\repos\ConsoleApplication1\ConsoleApplication1\obj\' != 'C:\Users\Clément\source\repos\ConsoleApplication1\ConsoleApplication1\obj\' ).
       Tâche "Warning" ignorée en raison d'une fausse condition ; ( '$(EnableBaseIntermediateOutputPathMismatchWarning)' == 'true' And '$(_InitialBaseIntermediateOutputPath)' != '$(BaseIntermediateOutputPath)' And '$(BaseIntermediateOutputPath)' != '$(MSBuildProjectExtensionsPath)' ) a été évaluée comme ( '' == 'true' And 'obj\' != 'obj\' And 'obj\' != 'C:\Users\Clément\source\repos\ConsoleApplication1\ConsoleApplication1\obj\' ).
     1>Génération de la cible "_CheckForInvalidConfigurationAndPlatform" terminée dans le projet "ConsoleApplication1.vcxproj".
       Cible "_CheckForInvalidConfigurationAndPlatform" ignorée. Elle a été générée.
     1>Cible "SetTelemetryEnvironmentVariables" dans le fichier "C:\Program Files (x86)\Microsoft Visual Studio\2017\Community\Common7\IDE\VC\VCTargets\Microsoft.Cpp.DesignTime.targets" du projet "C:\Users\Clément\source\repos\ConsoleApplication1\ConsoleApplication1\ConsoleApplication1.vcxproj" (la cible "Build" en dépend) :
       Utilisation de la tâche "SetEnv" à partir de l'assembly "C:\Program Files (x86)\Microsoft Visual Studio\2017\Community\Common7\IDE\VC\VCTargets\Microsoft.Build.CppTasks.Common.dll".
       Tâche "SetEnv"
         VSTEL_SolutionSessionID={133BA032-8845-4205-903F-95403480584F}
       Exécution de la tâche "SetEnv" terminée.
       Tâche "SetEnv"
         VSTEL_CurrentSolutionBuildID=438115343
       Exécution de la tâche "SetEnv" terminée.
       Tâche "SetEnv"
         VSTEL_ProjectID={7196996B-CE57-4C1A-B9C2-63A6DE74B997}
       Exécution de la tâche "SetEnv" terminée.
     1>Génération de la cible "SetTelemetryEnvironmentVariables" terminée dans le projet "ConsoleApplication1.vcxproj".
     1>Cible "_PrepareForBuild" dans le fichier "C:\Program Files (x86)\Microsoft Visual Studio\2017\Community\Common7\IDE\VC\VCTargets\Microsoft.BuildSteps.Targets" du projet "C:\Users\Clément\source\repos\ConsoleApplication1\ConsoleApplication1\ConsoleApplication1.vcxproj" (la cible "Build" en dépend) :
       Tâche "CreateItem" ignorée en raison d'une fausse condition ; ('%(CustomBuild.IncludeFileToTool)'!='') a été évaluée comme (''!='').
     1>Génération de la cible "_PrepareForBuild" terminée dans le projet "ConsoleApplication1.vcxproj".
     1>Cible "_PrepareForReferenceResolution" dans le fichier "C:\Program Files (x86)\Microsoft Visual Studio\2017\Community\Common7\IDE\VC\VCTargets\Microsoft.CppBuild.targets" du projet "C:\Users\Clément\source\repos\ConsoleApplication1\ConsoleApplication1\ConsoleApplication1.vcxproj" (la cible "ResolveReferences" en dépend) :
       Tâche "Message" ignorée en raison d'une fausse condition ; ('$(_REFERENCE_DEBUG)'=='true') a été évaluée comme (''=='true').
     1>Génération de la cible "_PrepareForReferenceResolution" terminée dans le projet "ConsoleApplication1.vcxproj".
       Cible "ComputeCrtSDKReference" ignorée en raison d'une fausse condition ; ('@(ClCompile)'!='' and '$(WindowsAppContainer)'=='true' and '$(UseCrtSDKReference)' != 'false') a été évaluée comme ('ConsoleApplication1.cpp'!='' and 'false'=='true' and '' != 'false').
     1>Cible "BeforeResolveReferences" dans le fichier "C:\Program Files (x86)\Microsoft Visual Studio\2017\Community\MSBuild\15.0\Bin\Microsoft.Common.CurrentVersion.targets" du projet "C:\Users\Clément\source\repos\ConsoleApplication1\ConsoleApplication1\ConsoleApplication1.vcxproj" (la cible "ResolveReferences" en dépend) :
     1>Génération de la cible "BeforeResolveReferences" terminée dans le projet "ConsoleApplication1.vcxproj".
     1>Cible "AssignProjectConfiguration" dans le fichier "C:\Program Files (x86)\Microsoft Visual Studio\2017\Community\MSBuild\15.0\Bin\Microsoft.Common.CurrentVersion.targets" du projet "C:\Users\Clément\source\repos\ConsoleApplication1\ConsoleApplication1\ConsoleApplication1.vcxproj" (la cible "ResolveReferences" en dépend) :
       Utilisation de la tâche "AssignProjectConfiguration" à partir de l'assembly "Microsoft.Build.Tasks.Core, Version=15.1.0.0, Culture=neutral, PublicKeyToken=b03f5f7f11d50a3a".
       Tâche "AssignProjectConfiguration"
       Exécution de la tâche "AssignProjectConfiguration" terminée.
     1>Génération de la cible "AssignProjectConfiguration" terminée dans le projet "ConsoleApplication1.vcxproj".
       Cible "AssignProjectConfiguration" ignorée. Elle a été générée.
     1>Cible "_SplitProjectReferencesByFileExistence" dans le fichier "C:\Program Files (x86)\Microsoft Visual Studio\2017\Community\MSBuild\15.0\Bin\Microsoft.Common.CurrentVersion.targets" du projet "C:\Users\Clément\source\repos\ConsoleApplication1\ConsoleApplication1\ConsoleApplication1.vcxproj" (la cible "PrepareProjectReferences" en dépend) :
       Tâche "ResolveNonMSBuildProjectOutput" ignorée en raison d'une fausse condition ; ('$(BuildingInsideVisualStudio)'=='true' and '@(ProjectReferenceWithConfiguration)'!='') a été évaluée comme ('true'=='true' and ''!='').
     1>Génération de la cible "_SplitProjectReferencesByFileExistence" terminée dans le projet "ConsoleApplication1.vcxproj".
     1>Cible "_GetProjectReferenceTargetFrameworkProperties" dans le fichier "C:\Program Files (x86)\Microsoft Visual Studio\2017\Community\MSBuild\15.0\Bin\Microsoft.Common.CurrentVersion.targets" du projet "C:\Users\Clément\source\repos\ConsoleApplication1\ConsoleApplication1\ConsoleApplication1.vcxproj" (la cible "PrepareProjectReferences" en dépend) :
       Utilisation de la tâche "MSBuild" à partir de l'assembly "Microsoft.Build.Tasks.Core, Version=15.1.0.0, Culture=neutral, PublicKeyToken=b03f5f7f11d50a3a".
       Tâche "MSBuild"
       Exécution de la tâche "MSBuild" terminée.
       Tâche "GetReferenceNearestTargetFrameworkTask" ignorée en raison d'une fausse condition ; ('@(_ProjectReferenceTargetFrameworkPossibilities->Count())' != '0' and '$(ReferringTargetFrameworkForProjectReferences)' != '') a été évaluée comme ('0' != '0' and '.NETFramework,Version=v4.0' != '').
     1>Génération de la cible "_GetProjectReferenceTargetFrameworkProperties" terminée dans le projet "ConsoleApplication1.vcxproj".
     1>Cible "PrepareProjectReferences" dans le fichier "C:\Program Files (x86)\Microsoft Visual Studio\2017\Community\MSBuild\15.0\Bin\Microsoft.Common.CurrentVersion.targets" du projet "C:\Users\Clément\source\repos\ConsoleApplication1\ConsoleApplication1\ConsoleApplication1.vcxproj" (la cible "ResolveProjectReferences" en dépend) :
     1>Génération de la cible "PrepareProjectReferences" terminée dans le projet "ConsoleApplication1.vcxproj".
       Cible "_RemoveNameMetadataFromProjectReferenceItems" ignorée en raison d'une fausse condition ; ('@(ProjectReference)'!='') a été évaluée comme (''!='').
     1>Cible "ResolveProjectReferences" dans le fichier "C:\Program Files (x86)\Microsoft Visual Studio\2017\Community\MSBuild\15.0\Bin\Microsoft.Common.CurrentVersion.targets" du projet "C:\Users\Clément\source\repos\ConsoleApplication1\ConsoleApplication1\ConsoleApplication1.vcxproj" (la cible "ResolveReferences" en dépend) :
       Tâche "MSBuild" ignorée en raison d'une fausse condition ; ('%(_MSBuildProjectReferenceExistent.BuildReference)' == 'true' and '@(ProjectReferenceWithConfiguration)' != '' and ('$(BuildingInsideVisualStudio)' == 'true' or '$(BuildProjectReferences)' != 'true') and '$(VisualStudioVersion)' != '10.0' and '@(_MSBuildProjectReferenceExistent)' != '') a été évaluée comme ('' == 'true' and '' != '' and ('true' == 'true' or 'true' != 'true') and '15.0' != '10.0' and '' != '').
       Tâche "MSBuild" ignorée en raison d'une fausse condition ; ('%(_MSBuildProjectReferenceExistent.BuildReference)' == 'true' and '@(ProjectReferenceWithConfiguration)' != '' and ('$(BuildingInsideVisualStudio)' == 'true' or '$(BuildProjectReferences)' != 'true') and '$(VisualStudioVersion)' == '10.0' and '@(_MSBuildProjectReferenceExistent)' != '') a été évaluée comme ('' == 'true' and '' != '' and ('true' == 'true' or 'true' != 'true') and '15.0' == '10.0' and '' != '').
       Tâche "MSBuild" ignorée en raison d'une fausse condition ; ('%(_MSBuildProjectReferenceExistent.BuildReference)' == 'true' and '@(ProjectReferenceWithConfiguration)' != '' and '$(BuildingInsideVisualStudio)' != 'true' and '$(BuildProjectReferences)' == 'true' and '@(_MSBuildProjectReferenceExistent)' != '') a été évaluée comme ('' == 'true' and '' != '' and 'true' != 'true' and 'true' == 'true' and '' != '').
       Tâche "MSBuild" ignorée en raison d'une fausse condition ; ('%(_MSBuildProjectReferenceExistent.BuildReference)' == 'true' and '@(ProjectReferenceWithConfiguration)' != '' and '$(BuildingProject)' == 'true' and '@(_MSBuildProjectReferenceExistent)' != '') a été évaluée comme ('' == 'true' and '' != '' and 'true' == 'true' and '' != '').
       Tâche "Warning" ignorée en raison d'une fausse condition ; ('@(ProjectReferenceWithConfiguration)' != '' and '@(_MSBuildProjectReferenceNonexistent)' != '') a été évaluée comme ('' != '' and '' != '').
     1>Génération de la cible "ResolveProjectReferences" terminée dans le projet "ConsoleApplication1.vcxproj".
       Cible "FindInvalidProjectReferences" ignorée en raison d'une fausse condition ; ('$(FindInvalidProjectReferences)' == 'true') a été évaluée comme ('' == 'true').
       Cible "ResolveNativeReferences" ignorée en raison d'une fausse condition ; ('@(NativeReference)'!='') a été évaluée comme (''!='').
       Cible "_PrepareForReferenceResolution" ignorée. Elle a été générée.
       Cible "ResolveProjectReferences" ignorée. Elle a été générée.
       Cible "FindInvalidProjectReferences" ignorée en raison d'une fausse condition ; ('$(FindInvalidProjectReferences)' == 'true') a été évaluée comme ('' == 'true').
     1>Cible "GetFrameworkPaths" dans le fichier "C:\Program Files (x86)\Microsoft Visual Studio\2017\Community\MSBuild\15.0\Bin\Microsoft.NETFramework.CurrentVersion.targets" du projet "C:\Users\Clément\source\repos\ConsoleApplication1\ConsoleApplication1\ConsoleApplication1.vcxproj" (la cible "ResolveAssemblyReferences" en dépend) :
     1>Génération de la cible "GetFrameworkPaths" terminée dans le projet "ConsoleApplication1.vcxproj".
       Cible "_PrepareForReferenceResolution" ignorée. Elle a été générée.
       Cible "GetWinFXPath" ignorée en raison d'une fausse condition ; (('@(Page)' != '' or '@(ApplicationDefinition)' != '' or '@(Resource)' != '') and ('$(GetWinFXNativePath)' != '' or '$(GetWinFXWoWPath)' != '' )) a été évaluée comme (('' != '' or '' != '' or '' != '') and ('' != '' or '' != '' )).
       Cible "GetFrameworkPaths" ignorée. Elle a été générée.
     1>Cible "GetReferenceAssemblyPaths" dans le fichier "C:\Program Files (x86)\Microsoft Visual Studio\2017\Community\MSBuild\15.0\Bin\Microsoft.Common.CurrentVersion.targets" du projet "C:\Users\Clément\source\repos\ConsoleApplication1\ConsoleApplication1\ConsoleApplication1.vcxproj" (la cible "ResolveAssemblyReferences" en dépend) :
       Tâche "GetReferenceAssemblyPaths" ignorée en raison d'une fausse condition ; ('$(TargetFrameworkMoniker)' != '' and ('$(_TargetFrameworkDirectories)' == '' or '$(_FullFrameworkReferenceAssemblyPaths)' == '')) a été évaluée comme ('' != '' and ('C:\Program Files (x86)\Reference Assemblies\Microsoft\Framework\.NETFramework\v4.0' == '' or 'C:\Program Files (x86)\Reference Assemblies\Microsoft\Framework\.NETFramework\v4.0' == '')).
     1>Génération de la cible "GetReferenceAssemblyPaths" terminée dans le projet "ConsoleApplication1.vcxproj".
     1>Cible "SetBuildDefaultEnvironmentVariables" dans le fichier "C:\Program Files (x86)\Microsoft Visual Studio\2017\Community\Common7\IDE\VC\VCTargets\Microsoft.Cpp.Current.targets" du projet "C:\Users\Clément\source\repos\ConsoleApplication1\ConsoleApplication1\ConsoleApplication1.vcxproj" (la cible "PrepareForBuild" en dépend) :
       Tâche "SetEnv"
         PATH=C:\Program Files (x86)\Microsoft Visual Studio\2017\Community\VC\Tools\MSVC\14.16.27023\bin\HostX86\x86;C:\Program Files (x86)\Windows Kits\10\bin\10.0.17763.0\x86;;C:\Program Files (x86)\Microsoft SDKs\Windows\v10.0A\bin\NETFX 4.6.1 Tools;C:\Program Files (x86)\Microsoft Visual Studio\2017\Community\Common7\tools;C:\Program Files (x86)\Microsoft Visual Studio\2017\Community\Common7\ide;C:\Program Files (x86)\HTML Help Workshop;;C:\Program Files (x86)\Microsoft Visual Studio\2017\Community\MSBuild\15.0\Bin;C:\WINDOWS\Microsoft.NET\Framework\v4.0.30319\;C:\WINDOWS\SysWow64;;C:\app\Oracle\product\11.2.0\dbhome_1\bin;C:\Program Files (x86)\Common Files\Oracle\Java\javapath;C:\Program Files (x86)\Intel\iCLS Client\;C:\Program Files\Intel\iCLS Client\;C:\Windows\system32;C:\Windows;C:\Windows\System32\Wbem;C:\Windows\System32\WindowsPowerShell\v1.0\;C:\Program Files (x86)\NVIDIA Corporation\PhysX\Common;C:\Program Files (x86)\Intel\Intel(R) Management Engine Components\DAL;C:\Program Files\Intel\Intel(R) Management Engine Components\DAL;C:\Program Files (x86)\Intel\Intel(R) Management Engine Components\IPT;C:\Program Files\Intel\Intel(R) Management Engine Components\IPT;C:\Program Files\Git\cmd;C:\WINDOWS\system32;C:\WINDOWS;C:\WINDOWS\System32\Wbem;C:\WINDOWS\System32\WindowsPowerShell\v1.0\;C:\WINDOWS\System32\OpenSSH\;C:\Program Files\Microsoft SQL Server\130\Tools\Binn\;C:\Program Files\PuTTY\;C:\Program Files\dotnet\;C:\Program Files\Intel\WiFi\bin\;C:\Program Files\Common Files\Intel\WirelessCommon\;C:\Program Files\nodejs\;C:\Program Files (x86)\GitExtensions\;C:\Users\Clément\AppData\Local\Microsoft\WindowsApps;C:\Users\Clément\AppData\Local\atom\bin;C:\Users\Clément\AppData\Local\Microsoft\WindowsApps;C:\Users\Clément\AppData\Roaming\npm;C:\Users\Clément\AppData\Local\Programs\Microsoft VS Code\bin;
       Exécution de la tâche "SetEnv" terminée.
       Tâche "SetEnv"
         LIB=C:\Program Files (x86)\Microsoft Visual Studio\2017\Community\VC\Tools\MSVC\14.16.27023\lib\x86;;C:\Program Files (x86)\Microsoft Visual Studio\2017\Community\VC\Tools\MSVC\14.16.27023\atlmfc\lib\x86;;C:\Program Files (x86)\Microsoft Visual Studio\2017\Community\VC\Auxiliary\VS\lib\x86;;C:\Program Files (x86)\Windows Kits\10\lib\10.0.17763.0\ucrt\x86;;;C:\Program Files (x86)\Windows Kits\10\lib\10.0.17763.0\um\x86;C:\Program Files (x86)\Windows Kits\NETFXSDK\4.6.1\lib\um\x86;;C:\Program Files (x86)\Windows Kits\NETFXSDK\4.6.1\Lib\um\x86
       Exécution de la tâche "SetEnv" terminée.
       Tâche "SetEnv"
         LIBPATH=C:\Program Files (x86)\Microsoft Visual Studio\2017\Community\VC\Tools\MSVC\14.16.27023\atlmfc\lib\x86;;C:\Program Files (x86)\Microsoft Visual Studio\2017\Community\VC\Tools\MSVC\14.16.27023\lib\x86;
       Exécution de la tâche "SetEnv" terminée.
       Tâche "SetEnv"
         INCLUDE=C:\Program Files (x86)\Microsoft Visual Studio\2017\Community\VC\Tools\MSVC\14.16.27023\include;;C:\Program Files (x86)\Microsoft Visual Studio\2017\Community\VC\Tools\MSVC\14.16.27023\atlmfc\include;;C:\Program Files (x86)\Microsoft Visual Studio\2017\Community\VC\Auxiliary\VS\include;;C:\Program Files (x86)\Windows Kits\10\Include\10.0.17763.0\ucrt;;;C:\Program Files (x86)\Windows Kits\10\Include\10.0.17763.0\um;C:\Program Files (x86)\Windows Kits\10\Include\10.0.17763.0\shared;C:\Program Files (x86)\Windows Kits\10\Include\10.0.17763.0\winrt;C:\Program Files (x86)\Windows Kits\10\Include\10.0.17763.0\cppwinrt;C:\Program Files (x86)\Windows Kits\NETFXSDK\4.6.1\Include\um;C:\Program Files (x86)\Windows Kits\NETFXSDK\4.6.1\Include\um;
       Exécution de la tâche "SetEnv" terminée.
     1>Génération de la cible "SetBuildDefaultEnvironmentVariables" terminée dans le projet "ConsoleApplication1.vcxproj".
       Cible "SetUserMacroEnvironmentVariables" ignorée en raison d'une fausse condition ; ('@(BuildMacro)' != '' and '$(DesignTimeBuild)' != 'true') a été évaluée comme ('' != '' and '' != 'true').
       Cible "_PrepareForReferenceResolution" ignorée. Elle a été générée.
     1>Cible "GetResolvedWinMD" dans le fichier "C:\Program Files (x86)\Microsoft Visual Studio\2017\Community\Common7\IDE\VC\VCTargets\Microsoft.CppBuild.targets" du projet "C:\Users\Clément\source\repos\ConsoleApplication1\ConsoleApplication1\ConsoleApplication1.vcxproj" (la cible "PrepareForBuild" en dépend) :
     1>Génération de la cible "GetResolvedWinMD" terminée dans le projet "ConsoleApplication1.vcxproj".
     1>Cible "PlatformPrepareForBuild" dans le fichier "C:\Program Files (x86)\Microsoft Visual Studio\2017\Community\Common7\IDE\VC\VCTargets\Microsoft.Cpp.Platform.targets" du projet "C:\Users\Clément\source\repos\ConsoleApplication1\ConsoleApplication1\ConsoleApplication1.vcxproj" (la cible "PrepareForBuild" en dépend) :
       Tâche "VCMessage" ignorée en raison d'une fausse condition ; ('$(_Error64bitToolsNotInstalled)' == 'true') a été évaluée comme ('' == 'true').
       Tâche "VCMessage" ignorée en raison d'une fausse condition ; ('$(DesignTimeBuild)'!='true' and '$(_ToolsetFound)' != 'true' and '$(PlatformToolset)' == '') a été évaluée comme (''!='true' and 'true' != 'true' and 'v141' == '').
       Tâche "VCMessage" ignorée en raison d'une fausse condition ; ('$(DesignTimeBuild)'!='true' and '$(_ToolsetFound)' != 'true' and '$(PlatformToolset)' == 'v110') a été évaluée comme (''!='true' and 'true' != 'true' and 'v141' == 'v110').
       Tâche "VCMessage" ignorée en raison d'une fausse condition ; ('$(DesignTimeBuild)'!='true' and '$(_ToolsetFound)' != 'true' and '$(PlatformToolset)' == 'v100') a été évaluée comme (''!='true' and 'true' != 'true' and 'v141' == 'v100').
       Tâche "VCMessage" ignorée en raison d'une fausse condition ; ('$(DesignTimeBuild)'!='true' and '$(_ToolsetFound)' != 'true' and '$(PlatformToolset)' == 'v90') a été évaluée comme (''!='true' and 'true' != 'true' and 'v141' == 'v90').
       Tâche "VCMessage" ignorée en raison d'une fausse condition ; ('$(DesignTimeBuild)'!='true' and '$(_ToolsetFound)' != 'true' and '$(PlatformToolset)' != 'v90' and '$(PlatformToolset)' != 'v100' and '$(PlatformToolset)' != 'v110') a été évaluée comme (''!='true' and 'true' != 'true' and 'v141' != 'v90' and 'v141' != 'v100' and 'v141' != 'v110').
     1>Génération de la cible "PlatformPrepareForBuild" terminée dans le projet "ConsoleApplication1.vcxproj".
     1>Cible "_CheckWindowsSDKInstalled" dans le fichier "C:\Program Files (x86)\Microsoft Visual Studio\2017\Community\Common7\IDE\VC\VCTargets\Microsoft.Cpp.WindowsSDK.targets" du projet "C:\Users\Clément\source\repos\ConsoleApplication1\ConsoleApplication1\ConsoleApplication1.vcxproj" (la cible "PrepareForBuild" en dépend) :
       Tâche "VCMessage" ignorée en raison d'une fausse condition ; ('$(WindowsSDKInstalled)' != 'true') a été évaluée comme ('true' != 'true').
       Tâche "VCMessage" ignorée en raison d'une fausse condition ; ('$(WindowsAppContainer)' != 'true' and '$(WindowsSDK_Desktop_Support)' != true) a été évaluée comme ('false' != 'true' and 'true' != true).
     1>Génération de la cible "_CheckWindowsSDKInstalled" terminée dans le projet "ConsoleApplication1.vcxproj".
       Cible "GetFrameworkPaths" ignorée. Elle a été générée.
       Cible "GetReferenceAssemblyPaths" ignorée. Elle a été générée.
       Cible "AssignLinkMetadata" ignorée en raison d'une fausse condition ; ( '$(SynthesizeLinkMetadata)' == 'true' ) a été évaluée comme ( '' == 'true' ).
     1>Cible "SetCABuildNativeEnvironmentVariables" dans le fichier "C:\Program Files (x86)\Microsoft Visual Studio\2017\Community\MSBuild\Microsoft\VisualStudio\v15.0\CodeAnalysis\Microsoft.CodeAnalysis.targets" du projet "C:\Users\Clément\source\repos\ConsoleApplication1\ConsoleApplication1\ConsoleApplication1.vcxproj" (la cible "PrepareForBuild" en dépend) :
       Tâche "SetEnv"
         CAExcludePath=C:\Program Files (x86)\Microsoft Visual Studio\2017\Community\VC\Tools\MSVC\14.16.27023\atlmfc\include;C:\Program Files (x86)\Microsoft Visual Studio\2017\Community\VC\Tools\MSVC\14.16.27023\include;C:\Program Files (x86)\Windows Kits\10\Include\10.0.17763.0\ucrt;;C:\Program Files (x86)\Windows Kits\10\Include\10.0.17763.0\um;C:\Program Files (x86)\Windows Kits\10\Include\10.0.17763.0\shared;C:\Program Files (x86)\Windows Kits\10\Include\10.0.17763.0\winrt;C:\Program Files (x86)\Windows Kits\10\Include\10.0.17763.0\cppwinrt;C:\Program Files (x86)\Windows Kits\NETFXSDK\4.6.1\Include\um;C:\Program Files (x86)\Windows Kits\NETFXSDK\4.6.1\Include\um;
       Exécution de la tâche "SetEnv" terminée.
     1>Génération de la cible "SetCABuildNativeEnvironmentVariables" terminée dans le projet "ConsoleApplication1.vcxproj".
     1>Cible "PrepareForBuild" dans le fichier "C:\Program Files (x86)\Microsoft Visual Studio\2017\Community\Common7\IDE\VC\VCTargets\Microsoft.CppBuild.targets" du projet "C:\Users\Clément\source\repos\ConsoleApplication1\ConsoleApplication1\ConsoleApplication1.vcxproj" (la cible "ResolveAssemblyReferences" en dépend) :
       Tâche "VCMessage" ignorée en raison d'une fausse condition ; ('$(DesignTimeBuild)' != 'true' and '$(ConfigurationPlatformExists)' != 'true') a été évaluée comme ('' != 'true' and 'true' != 'true').
       Utilisation de la tâche "MakeDir" à partir de l'assembly "Microsoft.Build.Tasks.Core, Version=15.1.0.0, Culture=neutral, PublicKeyToken=b03f5f7f11d50a3a".
       Tâche "MakeDir"
       Exécution de la tâche "MakeDir" terminée.
       Tâche "VCMessage" ignorée en raison d'une fausse condition ; ('$(DesignTimeBuild)'!='true' and '$(WindowsAppContainer)'=='true' and '$(ConfigurationType)'!='Application' and '$(ConfigurationType)'!='DynamicLibrary' and '$(ConfigurationType)'!='StaticLibrary') a été évaluée comme (''!='true' and 'false'=='true' and 'Application'!='Application' and 'Application'!='DynamicLibrary' and 'Application'!='StaticLibrary').
       Tâche "VCMessage" ignorée en raison d'une fausse condition ; ('$(DesignTimeBuild)'!='true' and '$(VCToolsInstallDir)'=='' and '$(UseEnv)' != 'true' and ('$(TargetFrameworkVersion)'=='v3.5' or '$(TargetFrameworkVersion)'=='v3.0' or '$(TargetFrameworkVersion)'=='v2.0' )) a été évaluée comme (''!='true' and 'C:\Program Files (x86)\Microsoft Visual Studio\2017\Community\VC\Tools\MSVC\14.16.27023\'=='' and '' != 'true' and ('v4.0'=='v3.5' or 'v4.0'=='v3.0' or 'v4.0'=='v2.0' )).
       Tâche "VCMessage" ignorée en raison d'une fausse condition ; ('$(DesignTimeBuild)'!='true' and '$(VCToolsInstallDir)'=='' and '$(UseEnv)' != 'true' and '$(PlatformToolset)'=='v90') a été évaluée comme (''!='true' and 'C:\Program Files (x86)\Microsoft Visual Studio\2017\Community\VC\Tools\MSVC\14.16.27023\'=='' and '' != 'true' and 'v141'=='v90').
       Tâche "VCMessage" ignorée en raison d'une fausse condition ; ('$(DesignTimeBuild)'!='true' and '$(VCToolsInstallDir)'=='' and '$(UseEnv)' != 'true') a été évaluée comme (''!='true' and 'C:\Program Files (x86)\Microsoft Visual Studio\2017\Community\VC\Tools\MSVC\14.16.27023\'=='' and '' != 'true').
       Tâche "VCMessage" ignorée en raison d'une fausse condition ; ('$(DesignTimeBuild)'!='true' and '$(WindowsSDKDir)'=='' and '$(UseEnv)' != 'true') a été évaluée comme (''!='true' and 'C:\Program Files (x86)\Windows Kits\10\'=='' and '' != 'true').
       Tâche "VCMessage" ignorée en raison d'une fausse condition ; ('$(DesignTimeBuild)'!='true' and '$(IntDirTrailingSlashWarning)'=='true') a été évaluée comme (''!='true' and ''=='true').
       Tâche "VCMessage" ignorée en raison d'une fausse condition ; ('$(DesignTimeBuild)'!='true' and '$(OutDirTrailingSlashWarning)'=='true') a été évaluée comme (''!='true' and ''=='true').
       Tâche "VCMessage" ignorée en raison d'une fausse condition ; ('%(CompatibilityIssues.Identity)' != '' and '$(DesignTimeBuild)'!='true') a été évaluée comme ('' != '' and ''!='true').
       Tâche "VCMessage" ignorée en raison d'une fausse condition ; ('$(IgnoreWarnIntDirSharingDetected)' != 'true' and '$(IntDirSharingDetected)' == 'true') a été évaluée comme ('' != 'true' and '' == 'true').
       Tâche "VCMessage" ignorée en raison d'une fausse condition ; ('$(DesignTimeBuild)'!='true' and '$(IgnoreWarnIntDirInTempDetected)' != 'true' and ('$(_IntDirFullpath.StartsWith($(Tmp), true, null))' == 'true' or '$(_IntDirFullpath.StartsWith($(Temp), true, null))' == 'true' or '$(_OutDirFullpath.StartsWith($(Tmp), true, null))' == 'true' or '$(_OutDirFullpath.StartsWith($(Temp), true, null))' == 'true')) a été évaluée comme (''!='true' and '' != 'true' and ('False' == 'true' or 'False' == 'true' or 'False' == 'true' or 'False' == 'true')).
       Tâche "VCMessage" ignorée en raison d'une fausse condition ; ('$(DesignTimeBuild)' != 'true' and '$(SpectreMitigation)' != '' and '$(SpectreMitigation)' != 'false' and (('$(_VC_Target_Library_Platform)' == 'OneCore' and !Exists('$(VC_LibraryPath_VC_x86_OneCore)')) or ('$(_VC_Target_Library_Platform)' == 'Desktop' and !Exists('$(VC_LibraryPath_VC_x86_Desktop)')))) a été évaluée comme ('' != 'true' and 'false' != '' and 'false' != 'false' and (('Desktop' == 'OneCore' and !Exists('C:\Program Files (x86)\Microsoft Visual Studio\2017\Community\VC\Tools\MSVC\14.16.27023\lib\onecore\x86')) or ('Desktop' == 'Desktop' and !Exists('C:\Program Files (x86)\Microsoft Visual Studio\2017\Community\VC\Tools\MSVC\14.16.27023\lib\x86')))).
       Tâche "MakeDir"
       Exécution de la tâche "MakeDir" terminée.
     1>Génération de la cible "PrepareForBuild" terminée dans le projet "ConsoleApplication1.vcxproj".
       Cible "_PrepareForReferenceResolution" ignorée. Elle a été générée.
       Cible "ComputeCrtSDKReference" ignorée en raison d'une fausse condition ; ('@(ClCompile)'!='' and '$(WindowsAppContainer)'=='true' and '$(UseCrtSDKReference)' != 'false') a été évaluée comme ('ConsoleApplication1.cpp'!='' and 'false'=='true' and '' != 'false').
       Cible "GetInstalledSDKLocations" ignorée en raison d'une fausse condition ; ('@(SDKReference)' != '') a été évaluée comme ('' != '').
     1>Cible "ResolveSDKReferences" dans le fichier "C:\Program Files (x86)\Microsoft Visual Studio\2017\Community\MSBuild\15.0\Bin\Microsoft.Common.CurrentVersion.targets" du projet "C:\Users\Clément\source\repos\ConsoleApplication1\ConsoleApplication1\ConsoleApplication1.vcxproj" (la cible "ResolveAssemblyReferences" en dépend) :
       Tâche "ResolveSDKReference" ignorée en raison d'une fausse condition ; ('@(SDKReference)'!='') a été évaluée comme (''!='').
     1>Génération de la cible "ResolveSDKReferences" terminée dans le projet "ConsoleApplication1.vcxproj".
       Cible "ResolveSDKReferences" ignorée. Elle a été générée.
     1>Cible "ExpandSDKReferences" dans le fichier "C:\Program Files (x86)\Microsoft Visual Studio\2017\Community\MSBuild\15.0\Bin\Microsoft.Common.CurrentVersion.targets" du projet "C:\Users\Clément\source\repos\ConsoleApplication1\ConsoleApplication1\ConsoleApplication1.vcxproj" (la cible "ResolveAssemblyReferences" en dépend) :
       Tâche "GetSDKReferenceFiles" ignorée en raison d'une fausse condition ; ('@(ResolvedSDKReference)'!='') a été évaluée comme (''!='').
     1>Génération de la cible "ExpandSDKReferences" terminée dans le projet "ConsoleApplication1.vcxproj".
       Cible "ResolveNuGetPackageAssets" ignorée en raison d'une fausse condition ; ('$(ResolveNuGetPackages)' == 'true' and exists('$(ProjectLockFile)')) a été évaluée comme ('true' == 'true' and exists('obj\project.assets.json')).
       Cible "ImplicitlyExpandNETStandardFacades" ignorée en raison d'une fausse condition ; ('$(ImplicitlyExpandNETStandardFacades)' == 'true') a été évaluée comme ('' == 'true').
       Cible "GetReferenceAssemblyPaths" ignorée. Elle a été générée.
       Cible "ImplicitlyExpandNETStandardFacades" ignorée en raison d'une fausse condition ; ('$(ImplicitlyExpandNETStandardFacades)' == 'true') a été évaluée comme ('' == 'true').
     1>Cible "_HandlePackageFileConflicts" dans le fichier "C:\Program Files (x86)\Microsoft Visual Studio\2017\Community\MSBuild\Microsoft\Microsoft.NET.Build.Extensions\Microsoft.NET.Build.Extensions.ConflictResolution.targets" du projet "C:\Users\Clément\source\repos\ConsoleApplication1\ConsoleApplication1\ConsoleApplication1.vcxproj" (la cible "ResolveAssemblyReferences" en dépend) :
       Utilisation de la tâche "ResolvePackageFileConflicts" à partir de l'assembly "C:\Program Files (x86)\Microsoft Visual Studio\2017\Community\MSBuild\Microsoft\Microsoft.NET.Build.Extensions\\tools\net46\Microsoft.NET.Build.Extensions.Tasks.dll".
       Tâche "ResolvePackageFileConflicts"
       Exécution de la tâche "ResolvePackageFileConflicts" terminée.
     1>Génération de la cible "_HandlePackageFileConflicts" terminée dans le projet "ConsoleApplication1.vcxproj".
     1>Cible "ResolveAssemblyReferences" dans le fichier "C:\Program Files (x86)\Microsoft Visual Studio\2017\Community\MSBuild\15.0\Bin\Microsoft.Common.CurrentVersion.targets" du projet "C:\Users\Clément\source\repos\ConsoleApplication1\ConsoleApplication1\ConsoleApplication1.vcxproj" (la cible "ResolveReferences" en dépend) :
       Tâche "ResolveAssemblyReference" ignorée en raison d'une fausse condition ; ('@(Reference)'!='' or '@(_ResolvedProjectReferencePaths)'!='' or '@(_ExplicitReference)' != '') a été évaluée comme (''!='' or ''!='' or '' != '').
     1>Génération de la cible "ResolveAssemblyReferences" terminée dans le projet "ConsoleApplication1.vcxproj".
       Cible "GenerateBindingRedirects" ignorée en raison d'une fausse condition ; ('$(AutoGenerateBindingRedirects)' == 'true' and '$(GenerateBindingRedirectsOutputType)' == 'true') a été évaluée comme ('' == 'true' and 'true' == 'true').
       Cible "_RemoveZipFileSuggestedRedirect" ignorée en raison d'une fausse condition ; ('$(_TargetFrameworkVersionWithoutV)' >= '4.7.1' And '$(AllowZipFileRedirect)' != 'true') a été évaluée comme ('4.0' >= '4.7.1' And '' != 'true').
       Cible "GenerateBindingRedirectsUpdateAppConfig" ignorée en raison d'une fausse condition ; ('$(AutoGenerateBindingRedirects)' == 'true' and '$(GenerateBindingRedirectsOutputType)' == 'true' and Exists('$(_GenerateBindingRedirectsIntermediateAppConfig)')) a été évaluée comme ('' == 'true' and 'true' == 'true' and Exists('Debug\ConsoleApplication1.exe.config')).
       Cible "ResolveComReferences" ignorée en raison d'une fausse condition ; ('@(COMReference)'!='' or '@(COMFileReference)'!='') a été évaluée comme (''!='' or ''!='').
     1>Cible "AfterResolveReferences" dans le fichier "C:\Program Files (x86)\Microsoft Visual Studio\2017\Community\MSBuild\15.0\Bin\Microsoft.Common.CurrentVersion.targets" du projet "C:\Users\Clément\source\repos\ConsoleApplication1\ConsoleApplication1\ConsoleApplication1.vcxproj" (la cible "ResolveReferences" en dépend) :
     1>Génération de la cible "AfterResolveReferences" terminée dans le projet "ConsoleApplication1.vcxproj".
       Cible "ImplicitlyExpandDesignTimeFacades" ignorée en raison d'une fausse condition ; ('$(ImplicitlyExpandDesignTimeFacades)' == 'true') a été évaluée comme ('' == 'true').
       Cible "ResolveTestReferences" ignorée en raison d'une fausse condition ; ('@(Shadow)'!='') a été évaluée comme (''!='').
     1>Cible "ResolveReferences" dans le fichier "C:\Program Files (x86)\Microsoft Visual Studio\2017\Community\MSBuild\15.0\Bin\Microsoft.Common.CurrentVersion.targets" du projet "C:\Users\Clément\source\repos\ConsoleApplication1\ConsoleApplication1\ConsoleApplication1.vcxproj" (la cible "Build" en dépend) :
     1>Génération de la cible "ResolveReferences" terminée dans le projet "ConsoleApplication1.vcxproj".
       Cible "PrepareForBuild" ignorée. Elle a été générée.
       Cible "PrepareForBuild" ignorée. Elle a été générée.
     1>Cible "InitializeBuildStatus" dans le fichier "C:\Program Files (x86)\Microsoft Visual Studio\2017\Community\Common7\IDE\VC\VCTargets\Microsoft.CppBuild.targets" du projet "C:\Users\Clément\source\repos\ConsoleApplication1\ConsoleApplication1\ConsoleApplication1.vcxproj" (la cible "Build" en dépend) :
       Utilisation de la tâche "ReadLinesFromFile" à partir de l'assembly "Microsoft.Build.Tasks.Core, Version=15.1.0.0, Culture=neutral, PublicKeyToken=b03f5f7f11d50a3a".
       Tâche "ReadLinesFromFile"
       Exécution de la tâche "ReadLinesFromFile" terminée.
       Utilisation de la tâche "WriteLinesToFile" à partir de l'assembly "Microsoft.Build.Tasks.Core, Version=15.1.0.0, Culture=neutral, PublicKeyToken=b03f5f7f11d50a3a".
       Tâche "WriteLinesToFile"
       Exécution de la tâche "WriteLinesToFile" terminée.
       Utilisation de la tâche "Touch" à partir de l'assembly "Microsoft.Build.Tasks.Core, Version=15.1.0.0, Culture=neutral, PublicKeyToken=b03f5f7f11d50a3a".
       Tâche "Touch"
         Création de "Debug\ConsoleA.7196996B.tlog\unsuccessfulbuild", car "AlwaysCreate" a été spécifié.
       Exécution de la tâche "Touch" terminée.
     1>Génération de la cible "InitializeBuildStatus" terminée dans le projet "ConsoleApplication1.vcxproj".
       Cible "PrepareProjectReferences" ignorée. Elle a été générée.
     1>Cible "BuildGenerateSourcesTraverse" dans le fichier "C:\Program Files (x86)\Microsoft Visual Studio\2017\Community\MSBuild\15.0\Bin\Microsoft.Common.CurrentVersion.targets" du projet "C:\Users\Clément\source\repos\ConsoleApplication1\ConsoleApplication1\ConsoleApplication1.vcxproj" (la cible "BuildGenerateSources" en dépend) :
       Tâche "MSBuild" ignorée en raison d'une fausse condition ; ('$(BuildPassReferences)' == 'true' and '@(ProjectReferenceWithConfiguration)' != '' and '@(_MSBuildProjectReferenceExistent)' != '' and '%(_MSBuildProjectReferenceExistent.BuildReference)' == 'true') a été évaluée comme ('' == 'true' and '' != '' and '' != '' and '' == 'true').
     1>Génération de la cible "BuildGenerateSourcesTraverse" terminée dans le projet "ConsoleApplication1.vcxproj".
       Cible "PrepareForBuild" ignorée. Elle a été générée.
       Cible "ResolveReferences" ignorée. Elle a été générée.
     1>Cible "BeforeBuildGenerateSources" dans le fichier "C:\Program Files (x86)\Microsoft Visual Studio\2017\Community\Common7\IDE\VC\VCTargets\Microsoft.BuildSteps.Targets" du projet "C:\Users\Clément\source\repos\ConsoleApplication1\ConsoleApplication1\ConsoleApplication1.vcxproj" (la cible "_BuildGenerateSourcesAction" en dépend) :
     1>Génération de la cible "BeforeBuildGenerateSources" terminée dans le projet "ConsoleApplication1.vcxproj".
     1>Cible "PreBuildEvent" dans le fichier "C:\Program Files (x86)\Microsoft Visual Studio\2017\Community\Common7\IDE\VC\VCTargets\Microsoft.CppCommon.targets" du projet "C:\Users\Clément\source\repos\ConsoleApplication1\ConsoleApplication1\ConsoleApplication1.vcxproj" (la cible "_BuildGenerateSourcesAction" en dépend) :
       Tâche "Message" ignorée en raison d'une fausse condition ; ('%(PreBuildEvent.Message)' != '' and '%(PreBuildEvent.Command)' != '') a été évaluée comme ('' != '' and '' != '').
       Tâche "Exec" ignorée en raison d'une fausse condition ; ('%(PreBuildEvent.Command)' != '') a été évaluée comme ('' != '').
     1>Génération de la cible "PreBuildEvent" terminée dans le projet "ConsoleApplication1.vcxproj".
       Cible "CustomBuild" ignorée en raison d'une fausse condition ; ('@(CustomBuild)' != '') a été évaluée comme ('' != '').
       Cible "FxExport" ignorée en raison d'une fausse condition ; ('@(FxCompile)' != '') a été évaluée comme ('' != '').
       Cible "FxCompile" ignorée en raison d'une fausse condition ; ('@(FxCompile)' != '') a été évaluée comme ('' != '').
       Cible "_CreateCopyFileItems" ignorée en raison d'une fausse condition ; ('@(CopyFileToFolders)' != '') a été évaluée comme ('' != '').
       Cible "PrepareForBuild" ignorée. Elle a été générée.
       Cible "InitializeBuildStatus" ignorée. Elle a été générée.
       Cible "SetBuildDefaultEnvironmentVariables" ignorée. Elle a été générée.
       Cible "SetUserMacroEnvironmentVariables" ignorée en raison d'une fausse condition ; ('@(BuildMacro)' != '' and '$(DesignTimeBuild)' != 'true') a été évaluée comme ('' != '' and '' != 'true').
     1>Cible "_SelectedFiles" dans le fichier "C:\Program Files (x86)\Microsoft Visual Studio\2017\Community\Common7\IDE\VC\VCTargets\Microsoft.CppBuild.targets" du projet "C:\Users\Clément\source\repos\ConsoleApplication1\ConsoleApplication1\ConsoleApplication1.vcxproj" (la cible "CopyFileToFolders" en dépend) :
     1>Génération de la cible "_SelectedFiles" terminée dans le projet "ConsoleApplication1.vcxproj".
     1>Cible "CopyFileToFolders" dans le fichier "C:\Program Files (x86)\Microsoft Visual Studio\2017\Community\Common7\IDE\VC\VCTargets\Microsoft.CppCommon.targets" du projet "C:\Users\Clément\source\repos\ConsoleApplication1\ConsoleApplication1\ConsoleApplication1.vcxproj" (la cible "_BuildGenerateSourcesAction" en dépend) :
       Utilisation de la tâche "GetOutOfDateItems" à partir de l'assembly "C:\Program Files (x86)\Microsoft Visual Studio\2017\Community\Common7\IDE\VC\VCTargets\Microsoft.Build.CppTasks.Common.dll".
       Tâche "GetOutOfDateItems"
       Exécution de la tâche "GetOutOfDateItems" terminée.
       Tâche "Copy" ignorée en raison d'une fausse condition ; ('@(_OutOfDateCopyFile)' != '') a été évaluée comme ('' != '').
     1>Génération de la cible "CopyFileToFolders" terminée dans le projet "ConsoleApplication1.vcxproj".
       Cible "Xsd" ignorée en raison d'une fausse condition ; ('@(Xsd)' != '') a été évaluée comme ('' != '').
     1>Cible "_Xsd" dans le fichier "C:\Program Files (x86)\Microsoft Visual Studio\2017\Community\Common7\IDE\VC\VCTargets\Microsoft.CppBuild.targets" du projet "C:\Users\Clément\source\repos\ConsoleApplication1\ConsoleApplication1\ConsoleApplication1.vcxproj" (la cible "_BuildGenerateSourcesAction" en dépend) :
     1>Génération de la cible "_Xsd" terminée dans le projet "ConsoleApplication1.vcxproj".
     1>Cible "MakeDirsForMidl" dans le fichier "C:\Program Files (x86)\Microsoft Visual Studio\2017\Community\Common7\IDE\VC\VCTargets\Microsoft.CppBuild.targets" du projet "C:\Users\Clément\source\repos\ConsoleApplication1\ConsoleApplication1\ConsoleApplication1.vcxproj" (la cible "_Midl" en dépend) :
       Tâche "Makedir"
       Exécution de la tâche "Makedir" terminée.
     1>Génération de la cible "MakeDirsForMidl" terminée dans le projet "ConsoleApplication1.vcxproj".
       Cible "Midl" ignorée en raison d'une fausse condition ; ('@(Midl)' != '') a été évaluée comme ('' != '').
       Cible "CustomBuild" ignorée en raison d'une fausse condition ; ('@(CustomBuild)' != '') a été évaluée comme ('' != '').
       Cible "FxExport" ignorée en raison d'une fausse condition ; ('@(FxCompile)' != '') a été évaluée comme ('' != '').
       Cible "FxCompile" ignorée en raison d'une fausse condition ; ('@(FxCompile)' != '') a été évaluée comme ('' != '').
     1>Cible "ComputeMIDLGeneratedCompileInputs" dans le fichier "C:\Program Files (x86)\Microsoft Visual Studio\2017\Community\Common7\IDE\VC\VCTargets\Microsoft.CppBuild.targets" du projet "C:\Users\Clément\source\repos\ConsoleApplication1\ConsoleApplication1\ConsoleApplication1.vcxproj" (la cible "_Midl" en dépend) :
     1>Génération de la cible "ComputeMIDLGeneratedCompileInputs" terminée dans le projet "ConsoleApplication1.vcxproj".
     1>Cible "AfterMidl" dans le fichier "C:\Program Files (x86)\Microsoft Visual Studio\2017\Community\Common7\IDE\VC\VCTargets\Microsoft.CppBuild.targets" du projet "C:\Users\Clément\source\repos\ConsoleApplication1\ConsoleApplication1\ConsoleApplication1.vcxproj" (la cible "_Midl" en dépend) :
     1>Génération de la cible "AfterMidl" terminée dans le projet "ConsoleApplication1.vcxproj".
     1>Cible "_Midl" dans le fichier "C:\Program Files (x86)\Microsoft Visual Studio\2017\Community\Common7\IDE\VC\VCTargets\Microsoft.CppBuild.targets" du projet "C:\Users\Clément\source\repos\ConsoleApplication1\ConsoleApplication1\ConsoleApplication1.vcxproj" (la cible "_BuildGenerateSourcesAction" en dépend) :
     1>Génération de la cible "_Midl" terminée dans le projet "ConsoleApplication1.vcxproj".
     1>Cible "AfterBuildGenerateSources" dans le fichier "C:\Program Files (x86)\Microsoft Visual Studio\2017\Community\Common7\IDE\VC\VCTargets\Microsoft.BuildSteps.Targets" du projet "C:\Users\Clément\source\repos\ConsoleApplication1\ConsoleApplication1\ConsoleApplication1.vcxproj" (la cible "_BuildGenerateSourcesAction" en dépend) :
     1>Génération de la cible "AfterBuildGenerateSources" terminée dans le projet "ConsoleApplication1.vcxproj".
     1>Cible "AfterBuildGenerateSourcesEvent" dans le fichier "C:\Program Files (x86)\Microsoft Visual Studio\2017\Community\Common7\IDE\VC\VCTargets\Microsoft.CppBuild.targets" du projet "C:\Users\Clément\source\repos\ConsoleApplication1\ConsoleApplication1\ConsoleApplication1.vcxproj" (la cible "_BuildGenerateSourcesAction" en dépend) :
     1>Génération de la cible "AfterBuildGenerateSourcesEvent" terminée dans le projet "ConsoleApplication1.vcxproj".
     1>Cible "_BuildGenerateSourcesAction" dans le fichier "C:\Program Files (x86)\Microsoft Visual Studio\2017\Community\Common7\IDE\VC\VCTargets\Microsoft.CppBuild.targets" du projet "C:\Users\Clément\source\repos\ConsoleApplication1\ConsoleApplication1\ConsoleApplication1.vcxproj" (la cible "BuildGenerateSources" en dépend) :
     1>Génération de la cible "_BuildGenerateSourcesAction" terminée dans le projet "ConsoleApplication1.vcxproj".
     1>Cible "BuildGenerateSources" dans le fichier "C:\Program Files (x86)\Microsoft Visual Studio\2017\Community\MSBuild\15.0\Bin\Microsoft.Common.CurrentVersion.targets" du projet "C:\Users\Clément\source\repos\ConsoleApplication1\ConsoleApplication1\ConsoleApplication1.vcxproj" (la cible "Build" en dépend) :
     1>Génération de la cible "BuildGenerateSources" terminée dans le projet "ConsoleApplication1.vcxproj".
       Cible "PrepareProjectReferences" ignorée. Elle a été générée.
     1>Cible "BuildCompileTraverse" dans le fichier "C:\Program Files (x86)\Microsoft Visual Studio\2017\Community\MSBuild\15.0\Bin\Microsoft.Common.CurrentVersion.targets" du projet "C:\Users\Clément\source\repos\ConsoleApplication1\ConsoleApplication1\ConsoleApplication1.vcxproj" (la cible "BuildCompile" en dépend) :
       Tâche "MSBuild" ignorée en raison d'une fausse condition ; ('$(BuildPassReferences)' == 'true' and '@(ProjectReferenceWithConfiguration)' != '' and '@(_MSBuildProjectReferenceExistent)' != ''  and '%(_MSBuildProjectReferenceExistent.BuildReference)' == 'true') a été évaluée comme ('' == 'true' and '' != '' and '' != ''  and '' == 'true').
     1>Génération de la cible "BuildCompileTraverse" terminée dans le projet "ConsoleApplication1.vcxproj".
       Cible "PrepareForBuild" ignorée. Elle a été générée.
       Cible "ResolveReferences" ignorée. Elle a été générée.
     1>Cible "BeforeClCompile" dans le fichier "C:\Program Files (x86)\Microsoft Visual Studio\2017\Community\Common7\IDE\VC\VCTargets\Microsoft.CppBuild.targets" du projet "C:\Users\Clément\source\repos\ConsoleApplication1\ConsoleApplication1\ConsoleApplication1.vcxproj" (la cible "_ClCompile" en dépend) :
     1>Génération de la cible "BeforeClCompile" terminée dans le projet "ConsoleApplication1.vcxproj".
       Cible "ComputeMIDLGeneratedCompileInputs" ignorée. Elle a été générée.
     1>Cible "ComputeCLInputPDBName" dans le fichier "C:\Program Files (x86)\Microsoft Visual Studio\2017\Community\Common7\IDE\VC\VCTargets\Microsoft.CppBuild.targets" du projet "C:\Users\Clément\source\repos\ConsoleApplication1\ConsoleApplication1\ConsoleApplication1.vcxproj" (la cible "_ClCompile" en dépend) :
     1>Génération de la cible "ComputeCLInputPDBName" terminée dans le projet "ConsoleApplication1.vcxproj".
       Cible "ResolveReferences" ignorée. Elle a été générée.
     1>Cible "ComputeReferenceCLInput" dans le fichier "C:\Program Files (x86)\Microsoft Visual Studio\2017\Community\Common7\IDE\VC\VCTargets\Microsoft.CppBuild.targets" du projet "C:\Users\Clément\source\repos\ConsoleApplication1\ConsoleApplication1\ConsoleApplication1.vcxproj" (la cible "_ClCompile" en dépend) :
       Tâche "WriteLinesToFile" ignorée en raison d'une fausse condition ; (('@(_ReferenceCopyLocalPaths)'!='') and '$(DesignTimeBuild)' != 'true') a été évaluée comme ((''!='') and '' != 'true').
       Tâche "Message" ignorée en raison d'une fausse condition ; ('$(_REFERENCE_DEBUG)'=='true') a été évaluée comme (''=='true').
     1>Génération de la cible "ComputeReferenceCLInput" terminée dans le projet "ConsoleApplication1.vcxproj".
     1>Cible "WarnCompileDuplicatedFilename" dans le fichier "C:\Program Files (x86)\Microsoft Visual Studio\2017\Community\Common7\IDE\VC\VCTargets\Microsoft.CppBuild.targets" du projet "C:\Users\Clément\source\repos\ConsoleApplication1\ConsoleApplication1\ConsoleApplication1.vcxproj" (la cible "_ClCompile" en dépend) :
       Tâche "VCMessage" ignorée en raison d'une fausse condition ; ('%(ClCompile.ExcludedFromBuild)' != 'true' and '%(Filename)%(Extension)' != '@(ClCompile->'%(Filename)%(Extension)')' and '%(ObjectFileName)' == '@(ClCompile->Metadata(ObjectFileName)->Distinct())') a été évaluée comme ('' != 'true' and 'ConsoleApplication1.cpp' != 'ConsoleApplication1.cpp' and 'Debug\' == 'Debug\').
     1>Génération de la cible "WarnCompileDuplicatedFilename" terminée dans le projet "ConsoleApplication1.vcxproj".
     1>Cible "FixupCLCompileOptions" dans le fichier "C:\Program Files (x86)\Microsoft Visual Studio\2017\Community\Common7\IDE\VC\VCTargets\Microsoft.CppCommon.targets" du projet "C:\Users\Clément\source\repos\ConsoleApplication1\ConsoleApplication1\ConsoleApplication1.vcxproj" (la cible "_ClCompile" en dépend) :
     1>Génération de la cible "FixupCLCompileOptions" terminée dans le projet "ConsoleApplication1.vcxproj".
     1>Cible "MakeDirsForCl" dans le fichier "C:\Program Files (x86)\Microsoft Visual Studio\2017\Community\Common7\IDE\VC\VCTargets\Microsoft.CppBuild.targets" du projet "C:\Users\Clément\source\repos\ConsoleApplication1\ConsoleApplication1\ConsoleApplication1.vcxproj" (la cible "_ClCompile" en dépend) :
       Tâche "MakeDir"
       Exécution de la tâche "MakeDir" terminée.
     1>Génération de la cible "MakeDirsForCl" terminée dans le projet "ConsoleApplication1.vcxproj".
       Cible "_SelectedFiles" ignorée. Elle a été générée.
       Cible "ComputeMIDLGeneratedCompileInputs" ignorée. Elle a été générée.
       Cible "ComputeCLInputPDBName" ignorée. Elle a été générée.
       Cible "ComputeReferenceCLInput" ignorée. Elle a été générée.
       Cible "WarnCompileDuplicatedFilename" ignorée. Elle a été générée.
       Cible "FixupCLCompileOptions" ignorée. Elle a été générée.
       Cible "_SelectedFiles" ignorée. Elle a été générée.
     1>Cible "SelectCustomBuild" dans le fichier "C:\Program Files (x86)\Microsoft Visual Studio\2017\Community\Common7\IDE\VC\VCTargets\Microsoft.CppBuild.targets" du projet "C:\Users\Clément\source\repos\ConsoleApplication1\ConsoleApplication1\ConsoleApplication1.vcxproj" (la cible "SelectClCompile" en dépend) :
     1>Génération de la cible "SelectCustomBuild" terminée dans le projet "ConsoleApplication1.vcxproj".
     1>Cible "SelectClCompile" dans le fichier "C:\Program Files (x86)\Microsoft Visual Studio\2017\Community\Common7\IDE\VC\VCTargets\Microsoft.CppBuild.targets" du projet "C:\Users\Clément\source\repos\ConsoleApplication1\ConsoleApplication1\ConsoleApplication1.vcxproj" (la cible "ClCompile" en dépend) :
     1>Génération de la cible "SelectClCompile" terminée dans le projet "ConsoleApplication1.vcxproj".
       Cible "GenerateTargetFrameworkMonikerAttribute" ignorée en raison d'une fausse condition ; ('$(GenerateTargetFrameworkAttribute)' == 'true') a été évaluée comme ('false' == 'true').
       Cible "ManagedIncrementalBuildPreProcessDependencyGraph" ignorée en raison d'une fausse condition ; ('@(ClCompile)' != '' and '$(EnableManagedIncrementalBuild)' == 'True') a été évaluée comme ('ConsoleApplication1.cpp' != '' and 'false' == 'True').
     1>Cible "ClCompile" dans le fichier "C:\Program Files (x86)\Microsoft Visual Studio\2017\Community\Common7\IDE\VC\VCTargets\Microsoft.CppCommon.targets" du projet "C:\Users\Clément\source\repos\ConsoleApplication1\ConsoleApplication1\ConsoleApplication1.vcxproj" (la cible "_ClCompile" en dépend) :
       Utilisation de la tâche "Delete" à partir de l'assembly "Microsoft.Build.Tasks.Core, Version=15.1.0.0, Culture=neutral, PublicKeyToken=b03f5f7f11d50a3a".
       Tâche "Delete"
       Exécution de la tâche "Delete" terminée.
       Tâche "CL" ignorée en raison d'une fausse condition ; ('%(ClCompile.PrecompiledHeader)' == 'Create' and '%(ClCompile.ExcludedFromBuild)'!='true' and '%(ClCompile.CompilerIteration)' == '') a été évaluée comme ('' == 'Create' and ''!='true' and '' == '').
       Utilisation de la tâche "CL" à partir de l'assembly "C:\Program Files (x86)\Microsoft Visual Studio\2017\Community\Common7\IDE\VC\VCTargets\Microsoft.Build.CppTasks.Common.dll".
       Tâche "CL"
         Recompilation forcée de tous les fichiers sources en raison d'un fichier PDB "Debug\vc141.pdb" manquant.
         Variables d'environnement passées à l'outil :
           VS_UNICODE_OUTPUT=1296
         C:\Program Files (x86)\Microsoft Visual Studio\2017\Community\VC\Tools\MSVC\14.16.27023\bin\HostX86\x86\CL.exe /c /ZI /JMC /nologo /W3 /WX- /diagnostics:classic /sdl /Od /Oy- /D WIN32 /D _DEBUG /D _CONSOLE /D _UNICODE /D UNICODE /Gm- /EHsc /RTC1 /MDd /GS /fp:precise /permissive- /Zc:wchar_t /Zc:forScope /Zc:inline /Fo"Debug\\" /Fd"Debug\vc141.pdb" /Gd /TP /analyze- /FC /errorReport:prompt ConsoleApplication1.cpp
         Commande de suivi :
         C:\Program Files (x86)\Microsoft Visual Studio\2017\Community\MSBuild\15.0\Bin\Tracker.exe /d "C:\Program Files (x86)\MSBuild\15.0\FileTracker\FileTracker32.dll" /i "C:\Users\Clément\source\repos\ConsoleApplication1\ConsoleApplication1\Debug\ConsoleA.7196996B.tlog" /r "C:\USERS\CLÉMENT\SOURCE\REPOS\CONSOLEAPPLICATION1\CONSOLEAPPLICATION1\CONSOLEAPPLICATION1.CPP" /b MSBuildConsole_CancelEvent39222f1704b741e7abc8fbd2b2d445f7  /c "C:\Program Files (x86)\Microsoft Visual Studio\2017\Community\VC\Tools\MSVC\14.16.27023\bin\HostX86\x86\CL.exe"  /c /ZI /JMC /nologo /W3 /WX- /diagnostics:classic /sdl /Od /Oy- /D WIN32 /D _DEBUG /D _CONSOLE /D _UNICODE /D UNICODE /Gm- /EHsc /RTC1 /MDd /GS /fp:precise /permissive- /Zc:wchar_t /Zc:forScope /Zc:inline /Fo"Debug\\" /Fd"Debug\vc141.pdb" /Gd /TP /analyze- /FC /errorReport:prompt ConsoleApplication1.cpp
         ConsoleApplication1.cpp
       Exécution de la tâche "CL" terminée.
     1>Génération de la cible "ClCompile" terminée dans le projet "ConsoleApplication1.vcxproj".
       Cible "RunSelectedFileNativeCodeAnalysis" ignorée en raison d'une fausse condition ; ('$(RunCppAnalysis)'=='true' and '$(SelectedFiles)'!='') a été évaluée comme ('false'=='true' and ''!='').
       Cible "ManagedIncrementalBuildPostProcessDependencyGraph" ignorée en raison d'une fausse condition ; ('@(ClCompile)' != '' and '$(EnableManagedIncrementalBuild)' == 'True') a été évaluée comme ('ConsoleApplication1.cpp' != '' and 'false' == 'True').
     1>Cible "AfterClCompile" dans le fichier "C:\Program Files (x86)\Microsoft Visual Studio\2017\Community\Common7\IDE\VC\VCTargets\Microsoft.CppBuild.targets" du projet "C:\Users\Clément\source\repos\ConsoleApplication1\ConsoleApplication1\ConsoleApplication1.vcxproj" (la cible "_ClCompile" en dépend) :
     1>Génération de la cible "AfterClCompile" terminée dans le projet "ConsoleApplication1.vcxproj".
     1>Cible "_ClCompile" dans le fichier "C:\Program Files (x86)\Microsoft Visual Studio\2017\Community\Common7\IDE\VC\VCTargets\Microsoft.CppBuild.targets" du projet "C:\Users\Clément\source\repos\ConsoleApplication1\ConsoleApplication1\ConsoleApplication1.vcxproj" (la cible "_BuildCompileAction" en dépend) :
     1>Génération de la cible "_ClCompile" terminée dans le projet "ConsoleApplication1.vcxproj".
       Cible "_ResGen" ignorée en raison d'une fausse condition ; ('@(EmbeddedResource)'!='') a été évaluée comme (''!='').
     1>Cible "BeforeResourceCompile" dans le fichier "C:\Program Files (x86)\Microsoft Visual Studio\2017\Community\Common7\IDE\VC\VCTargets\Microsoft.CppBuild.targets" du projet "C:\Users\Clément\source\repos\ConsoleApplication1\ConsoleApplication1\ConsoleApplication1.vcxproj" (la cible "_ResourceCompile" en dépend) :
     1>Génération de la cible "BeforeResourceCompile" terminée dans le projet "ConsoleApplication1.vcxproj".
     1>Cible "MakeDirsForResourceCompile" dans le fichier "C:\Program Files (x86)\Microsoft Visual Studio\2017\Community\Common7\IDE\VC\VCTargets\Microsoft.CppBuild.targets" du projet "C:\Users\Clément\source\repos\ConsoleApplication1\ConsoleApplication1\ConsoleApplication1.vcxproj" (la cible "_ResourceCompile" en dépend) :
       Tâche "MakeDir"
       Exécution de la tâche "MakeDir" terminée.
     1>Génération de la cible "MakeDirsForResourceCompile" terminée dans le projet "ConsoleApplication1.vcxproj".
       Cible "ResourceCompile" ignorée en raison d'une fausse condition ; ('@(ResourceCompile)' != '') a été évaluée comme ('' != '').
     1>Cible "AfterResourceCompile" dans le fichier "C:\Program Files (x86)\Microsoft Visual Studio\2017\Community\Common7\IDE\VC\VCTargets\Microsoft.CppBuild.targets" du projet "C:\Users\Clément\source\repos\ConsoleApplication1\ConsoleApplication1\ConsoleApplication1.vcxproj" (la cible "_ResourceCompile" en dépend) :
     1>Génération de la cible "AfterResourceCompile" terminée dans le projet "ConsoleApplication1.vcxproj".
     1>Cible "_ResourceCompile" dans le fichier "C:\Program Files (x86)\Microsoft Visual Studio\2017\Community\Common7\IDE\VC\VCTargets\Microsoft.CppBuild.targets" du projet "C:\Users\Clément\source\repos\ConsoleApplication1\ConsoleApplication1\ConsoleApplication1.vcxproj" (la cible "_BuildCompileAction" en dépend) :
     1>Génération de la cible "_ResourceCompile" terminée dans le projet "ConsoleApplication1.vcxproj".
       Cible "_ImpLib" ignorée en raison d'une fausse condition ; ('$(ImpLibCompiled)' == 'true') a été évaluée comme ('' == 'true').
       Cible "_Lib" ignorée en raison d'une fausse condition ; ('$(LibCompiled)' == 'true') a été évaluée comme ('' == 'true').
     1>Cible "AfterBuildCompileEvent" dans le fichier "C:\Program Files (x86)\Microsoft Visual Studio\2017\Community\Common7\IDE\VC\VCTargets\Microsoft.CppBuild.targets" du projet "C:\Users\Clément\source\repos\ConsoleApplication1\ConsoleApplication1\ConsoleApplication1.vcxproj" (la cible "_BuildCompileAction" en dépend) :
     1>Génération de la cible "AfterBuildCompileEvent" terminée dans le projet "ConsoleApplication1.vcxproj".
     1>Cible "_BuildCompileAction" dans le fichier "C:\Program Files (x86)\Microsoft Visual Studio\2017\Community\Common7\IDE\VC\VCTargets\Microsoft.CppBuild.targets" du projet "C:\Users\Clément\source\repos\ConsoleApplication1\ConsoleApplication1\ConsoleApplication1.vcxproj" (la cible "BuildCompile" en dépend) :
     1>Génération de la cible "_BuildCompileAction" terminée dans le projet "ConsoleApplication1.vcxproj".
     1>Cible "BuildCompile" dans le fichier "C:\Program Files (x86)\Microsoft Visual Studio\2017\Community\MSBuild\15.0\Bin\Microsoft.Common.CurrentVersion.targets" du projet "C:\Users\Clément\source\repos\ConsoleApplication1\ConsoleApplication1\ConsoleApplication1.vcxproj" (la cible "Build" en dépend) :
     1>Génération de la cible "BuildCompile" terminée dans le projet "ConsoleApplication1.vcxproj".
       Cible "PrepareProjectReferences" ignorée. Elle a été générée.
     1>Cible "BuildLinkTraverse" dans le fichier "C:\Program Files (x86)\Microsoft Visual Studio\2017\Community\MSBuild\15.0\Bin\Microsoft.Common.CurrentVersion.targets" du projet "C:\Users\Clément\source\repos\ConsoleApplication1\ConsoleApplication1\ConsoleApplication1.vcxproj" (la cible "BuildLink" en dépend) :
       Tâche "MSBuild" ignorée en raison d'une fausse condition ; ('$(BuildPassReferences)' == 'true' and '@(ProjectReferenceWithConfiguration)' != '' and '@(_MSBuildProjectReferenceExistent)' != ''  and '%(_MSBuildProjectReferenceExistent.BuildReference)' == 'true') a été évaluée comme ('' == 'true' and '' != '' and '' != ''  and '' == 'true').
     1>Génération de la cible "BuildLinkTraverse" terminée dans le projet "ConsoleApplication1.vcxproj".
       Cible "PrepareForBuild" ignorée. Elle a été générée.
       Cible "ResolveReferences" ignorée. Elle a été générée.
     1>Cible "ComputeLegacyManifestEmbedding" dans le fichier "C:\Program Files (x86)\Microsoft Visual Studio\2017\Community\Common7\IDE\VC\VCTargets\Microsoft.CppBuild.targets" du projet "C:\Users\Clément\source\repos\ConsoleApplication1\ConsoleApplication1\ConsoleApplication1.vcxproj" (la cible "_BuildLinkAction" en dépend) :
       Tâche "VCMessage" ignorée en raison d'une fausse condition ; ('$(RevertManifestEmbedding)' == 'true' and '$(_LegacyManifestEmbeddingDebug)' == 'true') a été évaluée comme ('' == 'true' and '' == 'true').
     1>Génération de la cible "ComputeLegacyManifestEmbedding" terminée dans le projet "ConsoleApplication1.vcxproj".
     1>Cible "BeforeLink" dans le fichier "C:\Program Files (x86)\Microsoft Visual Studio\2017\Community\Common7\IDE\VC\VCTargets\Microsoft.CppBuild.targets" du projet "C:\Users\Clément\source\repos\ConsoleApplication1\ConsoleApplication1\ConsoleApplication1.vcxproj" (la cible "_Link" en dépend) :
     1>Génération de la cible "BeforeLink" terminée dans le projet "ConsoleApplication1.vcxproj".
     1>Cible "ComputeRCOutputs" dans le fichier "C:\Program Files (x86)\Microsoft Visual Studio\2017\Community\Common7\IDE\VC\VCTargets\Microsoft.CppBuild.targets" du projet "C:\Users\Clément\source\repos\ConsoleApplication1\ConsoleApplication1\ConsoleApplication1.vcxproj" (la cible "ComputeRCGeneratedLinkInputs" en dépend) :
     1>Génération de la cible "ComputeRCOutputs" terminée dans le projet "ConsoleApplication1.vcxproj".
     1>Cible "ComputeRCGeneratedLinkInputs" dans le fichier "C:\Program Files (x86)\Microsoft Visual Studio\2017\Community\Common7\IDE\VC\VCTargets\Microsoft.CppBuild.targets" du projet "C:\Users\Clément\source\repos\ConsoleApplication1\ConsoleApplication1\ConsoleApplication1.vcxproj" (la cible "_Link" en dépend) :
     1>Génération de la cible "ComputeRCGeneratedLinkInputs" terminée dans le projet "ConsoleApplication1.vcxproj".
     1>Cible "ComputeManifestGeneratedLinkerInputs" dans le fichier "C:\Program Files (x86)\Microsoft Visual Studio\2017\Community\Common7\IDE\VC\VCTargets\Microsoft.CppBuild.targets" du projet "C:\Users\Clément\source\repos\ConsoleApplication1\ConsoleApplication1\ConsoleApplication1.vcxproj" (la cible "_Link" en dépend) :
     1>Génération de la cible "ComputeManifestGeneratedLinkerInputs" terminée dans le projet "ConsoleApplication1.vcxproj".
     1>Cible "ComputeCustomBuildOutput" dans le fichier "C:\Program Files (x86)\Microsoft Visual Studio\2017\Community\Common7\IDE\VC\VCTargets\Microsoft.CppBuild.targets" du projet "C:\Users\Clément\source\repos\ConsoleApplication1\ConsoleApplication1\ConsoleApplication1.vcxproj" (la cible "_Link" en dépend) :
       Tâche "CreateItem" ignorée en raison d'une fausse condition ; ('%(CustomBuildOutputs.OutputItemType)'!='') a été évaluée comme (''!='').
       Tâche "MakeDir"
       Exécution de la tâche "MakeDir" terminée.
     1>Génération de la cible "ComputeCustomBuildOutput" terminée dans le projet "ConsoleApplication1.vcxproj".
       Cible "ComputeMIDLGeneratedCompileInputs" ignorée. Elle a été générée.
       Cible "ComputeCLInputPDBName" ignorée. Elle a été générée.
       Cible "ComputeReferenceCLInput" ignorée. Elle a été générée.
       Cible "WarnCompileDuplicatedFilename" ignorée. Elle a été générée.
       Cible "FixupCLCompileOptions" ignorée. Elle a été générée.
     1>Cible "ComputeCLOutputs" dans le fichier "C:\Program Files (x86)\Microsoft Visual Studio\2017\Community\Common7\IDE\VC\VCTargets\Microsoft.CppBuild.targets" du projet "C:\Users\Clément\source\repos\ConsoleApplication1\ConsoleApplication1\ConsoleApplication1.vcxproj" (la cible "ComputeCLGeneratedLinkInputs" en dépend) :
     1>Génération de la cible "ComputeCLOutputs" terminée dans le projet "ConsoleApplication1.vcxproj".
     1>Cible "ComputeCLGeneratedLinkInputs" dans le fichier "C:\Program Files (x86)\Microsoft Visual Studio\2017\Community\Common7\IDE\VC\VCTargets\Microsoft.CppBuild.targets" du projet "C:\Users\Clément\source\repos\ConsoleApplication1\ConsoleApplication1\ConsoleApplication1.vcxproj" (la cible "_Link" en dépend) :
     1>Génération de la cible "ComputeCLGeneratedLinkInputs" terminée dans le projet "ConsoleApplication1.vcxproj".
     1>Cible "ComputeLinkInputsFromProject" dans le fichier "C:\Program Files (x86)\Microsoft Visual Studio\2017\Community\Common7\IDE\VC\VCTargets\Microsoft.CppBuild.targets" du projet "C:\Users\Clément\source\repos\ConsoleApplication1\ConsoleApplication1\ConsoleApplication1.vcxproj" (la cible "_Link" en dépend) :
     1>Génération de la cible "ComputeLinkInputsFromProject" terminée dans le projet "ConsoleApplication1.vcxproj".
       Cible "ComputeReferenceLinkInputs" ignorée en raison d'une fausse condition ; (@(ProjectReference) != '') a été évaluée comme ( != '').
     1>Cible "ComputeManifestInputsTargets" dans le fichier "C:\Program Files (x86)\Microsoft Visual Studio\2017\Community\Common7\IDE\VC\VCTargets\Microsoft.CppBuild.targets" du projet "C:\Users\Clément\source\repos\ConsoleApplication1\ConsoleApplication1\ConsoleApplication1.vcxproj" (la cible "_Link" en dépend) :
     1>Génération de la cible "ComputeManifestInputsTargets" terminée dans le projet "ConsoleApplication1.vcxproj".
       Cible "ManifestResourceCompile" ignorée en raison d'une fausse condition ; ('$(EmbedManifestBy)' == 'LINK' and '@(Manifest)' != '') a été évaluée comme ('LINK' == 'LINK' and '' != '').
       Cible "AssignWinFXEmbeddedResource" ignorée en raison d'une fausse condition ; ('@(WinFXEmbeddedResource)' != '') a été évaluée comme ('' != '').
     1>Cible "AssignTargetPaths" dans le fichier "C:\Program Files (x86)\Microsoft Visual Studio\2017\Community\MSBuild\15.0\Bin\Microsoft.Common.CurrentVersion.targets" du projet "C:\Users\Clément\source\repos\ConsoleApplication1\ConsoleApplication1\ConsoleApplication1.vcxproj" (la cible "PrepareResourceNames" en dépend) :
       Utilisation de la tâche "AssignTargetPath" à partir de l'assembly "Microsoft.Build.Tasks.Core, Version=15.1.0.0, Culture=neutral, PublicKeyToken=b03f5f7f11d50a3a".
       Tâche "AssignTargetPath"
       Exécution de la tâche "AssignTargetPath" terminée.
       Tâche "AssignTargetPath"
       Exécution de la tâche "AssignTargetPath" terminée.
       Tâche "AssignTargetPath"
       Exécution de la tâche "AssignTargetPath" terminée.
       Tâche "AssignTargetPath"
       Exécution de la tâche "AssignTargetPath" terminée.
       Tâche "AssignTargetPath" ignorée en raison d'une fausse condition ; ('@(_DeploymentBaseManifestWithTargetPath)'=='' and '%(None.Extension)'=='.manifest') a été évaluée comme (''=='' and ''=='.manifest').
     1>Génération de la cible "AssignTargetPaths" terminée dans le projet "ConsoleApplication1.vcxproj".
       Cible "AssignTargetPaths" ignorée. Elle a été générée.
     1>Cible "SplitResourcesByCulture" dans le fichier "C:\Program Files (x86)\Microsoft Visual Studio\2017\Community\MSBuild\15.0\Bin\Microsoft.Common.CurrentVersion.targets" du projet "C:\Users\Clément\source\repos\ConsoleApplication1\ConsoleApplication1\ConsoleApplication1.vcxproj" (la cible "PrepareResourceNames" en dépend) :
       Tâche "Warning" ignorée en raison d'une fausse condition ; ('@(ResxWithNoCulture)'!='') a été évaluée comme (''!='').
       Tâche "Warning" ignorée en raison d'une fausse condition ; ('@(ResxWithCulture)'!='') a été évaluée comme (''!='').
       Tâche "Warning" ignorée en raison d'une fausse condition ; ('@(NonResxWithCulture)'!='') a été évaluée comme (''!='').
       Tâche "Warning" ignorée en raison d'une fausse condition ; ('@(NonResxWithNoCulture)'!='') a été évaluée comme (''!='').
       Utilisation de la tâche "AssignCulture" à partir de l'assembly "Microsoft.Build.Tasks.Core, Version=15.1.0.0, Culture=neutral, PublicKeyToken=b03f5f7f11d50a3a".
       Tâche "AssignCulture"
       Exécution de la tâche "AssignCulture" terminée.
     1>Génération de la cible "SplitResourcesByCulture" terminée dans le projet "ConsoleApplication1.vcxproj".
       Cible "CreateManifestResourceNames" ignorée en raison d'une fausse condition ; ('@(EmbeddedResource)' != '') a été évaluée comme ('' != '').
     1>Cible "CreateCustomManifestResourceNames" dans le fichier "C:\Program Files (x86)\Microsoft Visual Studio\2017\Community\MSBuild\15.0\Bin\Microsoft.Common.CurrentVersion.targets" du projet "C:\Users\Clément\source\repos\ConsoleApplication1\ConsoleApplication1\ConsoleApplication1.vcxproj" (la cible "PrepareResourceNames" en dépend) :
     1>Génération de la cible "CreateCustomManifestResourceNames" terminée dans le projet "ConsoleApplication1.vcxproj".
     1>Cible "PrepareResourceNames" dans le fichier "C:\Program Files (x86)\Microsoft Visual Studio\2017\Community\MSBuild\15.0\Bin\Microsoft.Common.CurrentVersion.targets" du projet "C:\Users\Clément\source\repos\ConsoleApplication1\ConsoleApplication1\ConsoleApplication1.vcxproj" (la cible "_Link" en dépend) :
     1>Génération de la cible "PrepareResourceNames" terminée dans le projet "ConsoleApplication1.vcxproj".
     1>Cible "MakeDirsForLink" dans le fichier "C:\Program Files (x86)\Microsoft Visual Studio\2017\Community\Common7\IDE\VC\VCTargets\Microsoft.CppBuild.targets" du projet "C:\Users\Clément\source\repos\ConsoleApplication1\ConsoleApplication1\ConsoleApplication1.vcxproj" (la cible "_Link" en dépend) :
       Tâche "MakeDir"
       Exécution de la tâche "MakeDir" terminée.
     1>Génération de la cible "MakeDirsForLink" terminée dans le projet "ConsoleApplication1.vcxproj".
     1>Cible "DoLinkOutputFilesMatch" dans le fichier "C:\Program Files (x86)\Microsoft Visual Studio\2017\Community\Common7\IDE\VC\VCTargets\Microsoft.CppBuild.targets" du projet "C:\Users\Clément\source\repos\ConsoleApplication1\ConsoleApplication1\ConsoleApplication1.vcxproj" (la cible "_Link" en dépend) :
       Tâche "VCMessage" ignorée en raison d'une fausse condition ; ('@(_OutputFileFromLink)' == '') a été évaluée comme ('C:\Users\Clément\source\repos\ConsoleApplication1\Debug\ConsoleApplication1.exe' == '').
       Tâche "VCMessage" ignorée en raison d'une fausse condition ; ('@(_OutputFileFromLink)' != '' and '%(_OutputFileFromLink.FullPath)' != '$([System.IO.Path]::GetFullPath($(TargetPath)))') a été évaluée comme ('C:\Users\Clément\source\repos\ConsoleApplication1\Debug\ConsoleApplication1.exe' != '' and 'C:\Users\Clément\source\repos\ConsoleApplication1\Debug\ConsoleApplication1.exe' != 'C:\Users\Clément\source\repos\ConsoleApplication1\Debug\ConsoleApplication1.exe').
       Tâche "VCMessage" ignorée en raison d'une fausse condition ; ('@(_OutputFileFromLink)' != '' and '%(_OutputFileFromLink.Extension)' != '' and '%(_OutputFileFromLink.Extension)' != '$(TargetExt)') a été évaluée comme ('C:\Users\Clément\source\repos\ConsoleApplication1\Debug\ConsoleApplication1.exe' != '' and '.exe' != '' and '.exe' != '.exe').
       Tâche "VCMessage" ignorée en raison d'une fausse condition ; ('@(_OutputFileFromLink)' != '' and '%(_OutputFileFromLink.Filename)' != '' and '%(_OutputFileFromLink.Filename)' != '$(TargetName)') a été évaluée comme ('C:\Users\Clément\source\repos\ConsoleApplication1\Debug\ConsoleApplication1.exe' != '' and 'ConsoleApplication1' != '' and 'ConsoleApplication1' != 'ConsoleApplication1').
       Tâche "VCMessage" ignorée en raison d'une fausse condition ; ('%(Link.MinimumRequiredVersion)' != '' and ('%(Link.Subsystem)' == '' or '%(Link.Subsystem)' == 'NotSet')) a été évaluée comme ('' != '' and ('Console' == '' or 'Console' == 'NotSet')).
     1>Génération de la cible "DoLinkOutputFilesMatch" terminée dans le projet "ConsoleApplication1.vcxproj".
     1>Cible "PreLinkEvent" dans le fichier "C:\Program Files (x86)\Microsoft Visual Studio\2017\Community\Common7\IDE\VC\VCTargets\Microsoft.CppCommon.targets" du projet "C:\Users\Clément\source\repos\ConsoleApplication1\ConsoleApplication1\ConsoleApplication1.vcxproj" (la cible "_Link" en dépend) :
       Tâche "Message" ignorée en raison d'une fausse condition ; ('%(PreLinkEvent.Message)' != '' and '%(PreLinkEvent.Command)' != '') a été évaluée comme ('' != '' and '' != '').
       Tâche "Exec" ignorée en raison d'une fausse condition ; ('%(PreLinkEvent.Command)' != '') a été évaluée comme ('' != '').
     1>Génération de la cible "PreLinkEvent" terminée dans le projet "ConsoleApplication1.vcxproj".
     1>Cible "ComputeLinkSwitches" dans le fichier "C:\Program Files (x86)\Microsoft Visual Studio\2017\Community\Common7\IDE\VC\VCTargets\Microsoft.CppCommon.targets" du projet "C:\Users\Clément\source\repos\ConsoleApplication1\ConsoleApplication1\ConsoleApplication1.vcxproj" (la cible "Link" en dépend) :
     1>Génération de la cible "ComputeLinkSwitches" terminée dans le projet "ConsoleApplication1.vcxproj".
     1>Cible "Link" dans le fichier "C:\Program Files (x86)\Microsoft Visual Studio\2017\Community\Common7\IDE\VC\VCTargets\Microsoft.CppCommon.targets" du projet "C:\Users\Clément\source\repos\ConsoleApplication1\ConsoleApplication1\ConsoleApplication1.vcxproj" (la cible "_Link" en dépend) :
       Utilisation de la tâche "Link" à partir de l'assembly "C:\Program Files (x86)\Microsoft Visual Studio\2017\Community\Common7\IDE\VC\VCTargets\Microsoft.Build.CppTasks.Common.dll".
       Tâche "Link"
         Variables d'environnement passées à l'outil :
           VS_UNICODE_OUTPUT=1772
         C:\Program Files (x86)\Microsoft Visual Studio\2017\Community\VC\Tools\MSVC\14.16.27023\bin\HostX86\x86\link.exe /ERRORREPORT:PROMPT /OUT:"C:\Users\Clément\source\repos\ConsoleApplication1\Debug\ConsoleApplication1.exe" /INCREMENTAL /NOLOGO kernel32.lib user32.lib gdi32.lib winspool.lib comdlg32.lib advapi32.lib shell32.lib ole32.lib oleaut32.lib uuid.lib odbc32.lib odbccp32.lib /MANIFEST /MANIFESTUAC:"level='asInvoker' uiAccess='false'" /manifest:embed /DEBUG:FASTLINK /PDB:"C:\Users\Clément\source\repos\ConsoleApplication1\Debug\ConsoleApplication1.pdb" /SUBSYSTEM:CONSOLE /TLBID:1 /DYNAMICBASE /NXCOMPAT /IMPLIB:"C:\Users\Clément\source\repos\ConsoleApplication1\Debug\ConsoleApplication1.lib" /MACHINE:X86 Debug\ConsoleApplication1.obj
         Commande de suivi :
         C:\Program Files (x86)\Microsoft Visual Studio\2017\Community\MSBuild\15.0\Bin\Tracker.exe /a /d "C:\Program Files (x86)\MSBuild\15.0\FileTracker\FileTracker32.dll" /i "C:\Users\Clément\source\repos\ConsoleApplication1\ConsoleApplication1\Debug\ConsoleA.7196996B.tlog" /r "C:\USERS\CLÉMENT\SOURCE\REPOS\CONSOLEAPPLICATION1\CONSOLEAPPLICATION1\DEBUG\CONSOLEAPPLICATION1.OBJ" /b MSBuildConsole_CancelEvent4603514762ce4697969d95d633d06de4  /c "C:\Program Files (x86)\Microsoft Visual Studio\2017\Community\VC\Tools\MSVC\14.16.27023\bin\HostX86\x86\link.exe"  /ERRORREPORT:PROMPT /OUT:"C:\Users\Clément\source\repos\ConsoleApplication1\Debug\ConsoleApplication1.exe" /INCREMENTAL /NOLOGO kernel32.lib user32.lib gdi32.lib winspool.lib comdlg32.lib advapi32.lib shell32.lib ole32.lib oleaut32.lib uuid.lib odbc32.lib odbccp32.lib /MANIFEST /MANIFESTUAC:"level='asInvoker' uiAccess='false'" /manifest:embed /DEBUG:FASTLINK /PDB:"C:\Users\Clément\source\repos\ConsoleApplication1\Debug\ConsoleApplication1.pdb" /SUBSYSTEM:CONSOLE /TLBID:1 /DYNAMICBASE /NXCOMPAT /IMPLIB:"C:\Users\Clément\source\repos\ConsoleApplication1\Debug\ConsoleApplication1.lib" /MACHINE:X86 Debug\ConsoleApplication1.obj
       Exécution de la tâche "Link" terminée.
       Tâche "Message"
         ConsoleApplication1.vcxproj -> C:\Users\Clément\source\repos\ConsoleApplication1\Debug\ConsoleApplication1.exe
       Exécution de la tâche "Message" terminée.
       Tâche "VCMessage" ignorée en raison d'une fausse condition ; (('$(EmbedManifestBy)' != 'LINK' or '$(LegacyManifestEmbedding)' != 'true' or '$(LinkSkippedExecution)' == 'true') and
                    %(Link.GenerateDebugInformation) == 'DebugFastLink' and %(Link.ProgramDataBaseFileName) != '') a été évaluée comme (('LINK' != 'LINK' or '' != 'true' or 'False' == 'true') and
                    DebugFastLink == 'DebugFastLink' and  != '').
       Tâche "VCMessage" ignorée en raison d'une fausse condition ; (('$(EmbedManifestBy)' != 'LINK' or '$(LegacyManifestEmbedding)' != 'true' or '$(LinkSkippedExecution)' == 'true') and
                    %(Link.GenerateDebugInformation) == 'true' and %(Link.ProgramDataBaseFileName) != '') a été évaluée comme (('LINK' != 'LINK' or '' != 'true' or 'False' == 'true') and
                    DebugFastLink == 'true' and  != '').
     1>Génération de la cible "Link" terminée dans le projet "ConsoleApplication1.vcxproj".
       Cible "MetaGenInputsOutputs" ignorée en raison d'une fausse condition ; ('$(EnableManagedIncrementalBuild)' == 'True') a été évaluée comme ('false' == 'True').
       Cible "ComputeMetaGenInputs" ignorée en raison d'une fausse condition ; ('$(CLRSupport)'!='' and '$(CLRSupport)'!='false') a été évaluée comme ('false'!='' and 'false'!='false').
       Cible "MetaGen" ignorée en raison d'une fausse condition ; ('@(MetaGen)' != '') a été évaluée comme ('' != '').
     1>Cible "ComputeLinkImportLibraryOutputsForClean" dans le fichier "C:\Program Files (x86)\Microsoft Visual Studio\2017\Community\Common7\IDE\VC\VCTargets\Microsoft.CppBuild.targets" du projet "C:\Users\Clément\source\repos\ConsoleApplication1\ConsoleApplication1\ConsoleApplication1.vcxproj" (la cible "_Link" en dépend) :
       Tâche "WriteLinesToFile" ignorée en raison d'une fausse condition ; ('@(_LinkSecondaryOutput)' != '') a été évaluée comme ('' != '').
     1>Génération de la cible "ComputeLinkImportLibraryOutputsForClean" terminée dans le projet "ConsoleApplication1.vcxproj".
     1>Cible "AfterLink" dans le fichier "C:\Program Files (x86)\Microsoft Visual Studio\2017\Community\Common7\IDE\VC\VCTargets\Microsoft.CppBuild.targets" du projet "C:\Users\Clément\source\repos\ConsoleApplication1\ConsoleApplication1\ConsoleApplication1.vcxproj" (la cible "_Link" en dépend) :
     1>Génération de la cible "AfterLink" terminée dans le projet "ConsoleApplication1.vcxproj".
     1>Cible "_Link" dans le fichier "C:\Program Files (x86)\Microsoft Visual Studio\2017\Community\Common7\IDE\VC\VCTargets\Microsoft.CppBuild.targets" du projet "C:\Users\Clément\source\repos\ConsoleApplication1\ConsoleApplication1\ConsoleApplication1.vcxproj" (la cible "_BuildLinkAction" en dépend) :
     1>Génération de la cible "_Link" terminée dans le projet "ConsoleApplication1.vcxproj".
     1>Cible "_ALink" dans le fichier "C:\Program Files (x86)\Microsoft Visual Studio\2017\Community\Common7\IDE\VC\VCTargets\Microsoft.CppBuild.targets" du projet "C:\Users\Clément\source\repos\ConsoleApplication1\ConsoleApplication1\ConsoleApplication1.vcxproj" (la cible "_BuildLinkAction" en dépend) :
     1>Génération de la cible "_ALink" terminée dans le projet "ConsoleApplication1.vcxproj".
       Cible "ComputeLegacyManifestEmbedding" ignorée. Elle a été générée.
     1>Cible "_Manifest" dans le fichier "C:\Program Files (x86)\Microsoft Visual Studio\2017\Community\Common7\IDE\VC\VCTargets\Microsoft.CppBuild.targets" du projet "C:\Users\Clément\source\repos\ConsoleApplication1\ConsoleApplication1\ConsoleApplication1.vcxproj" (la cible "_BuildLinkAction" en dépend) :
       Tâche "CallTarget" ignorée en raison d'une fausse condition ; ('$(LegacyManifestEmbedding)' == 'true') a été évaluée comme ('' == 'true').
     1>Génération de la cible "_Manifest" terminée dans le projet "ConsoleApplication1.vcxproj".
     1>Cible "RegisterOutput" dans le fichier "C:\Program Files (x86)\Microsoft Visual Studio\2017\Community\Common7\IDE\VC\VCTargets\Microsoft.CppCommon.targets" du projet "C:\Users\Clément\source\repos\ConsoleApplication1\ConsoleApplication1\ConsoleApplication1.vcxproj" (la cible "_BuildLinkAction" en dépend) :
       Tâche "Exec" ignorée en raison d'une fausse condition ; ('$(ConfigurationType)'=='DynamicLibrary' and '%(Link.RegisterOutput)'=='true' and '%(Link.PerUserRedirection)'!='true') a été évaluée comme ('Application'=='DynamicLibrary' and 'false'=='true' and 'false'!='true').
       Tâche "Exec" ignorée en raison d'une fausse condition ; ('$(ConfigurationType)'=='DynamicLibrary' and '%(Link.RegisterOutput)'=='true' and '%(Link.PerUserRedirection)'=='true') a été évaluée comme ('Application'=='DynamicLibrary' and 'false'=='true' and 'false'=='true').
       Tâche "Exec" ignorée en raison d'une fausse condition ; ('$(ConfigurationType)'=='Application' and '%(Link.RegisterOutput)'=='true' and '%(Link.PerUserRedirection)'!='true') a été évaluée comme ('Application'=='Application' and 'false'=='true' and 'false'!='true').
       Tâche "Exec" ignorée en raison d'une fausse condition ; ('$(ConfigurationType)'=='Application' and '%(Link.RegisterOutput)'=='true' and '%(Link.PerUserRedirection)'=='true') a été évaluée comme ('Application'=='Application' and 'false'=='true' and 'false'=='true').
       Tâche "VCMessage" ignorée en raison d'une fausse condition ; ('$(_RegisterOutputExitCode)' != '' and '$(_RegisterOutputExitCode)' != '0') a été évaluée comme ('' != '' and '' != '0').
     1>Génération de la cible "RegisterOutput" terminée dans le projet "ConsoleApplication1.vcxproj".
       Cible "PrepareForBuild" ignorée. Elle a été générée.
       Cible "ResolveReferences" ignorée. Elle a été générée.
     1>Cible "ResolvedXDCMake" dans le fichier "C:\Program Files (x86)\Microsoft Visual Studio\2017\Community\Common7\IDE\VC\VCTargets\Microsoft.CppBuild.targets" du projet "C:\Users\Clément\source\repos\ConsoleApplication1\ConsoleApplication1\ConsoleApplication1.vcxproj" (la cible "_XdcMake" en dépend) :
       Tâche "MSBuild" ignorée en raison d'une fausse condition ; ('%(_MSBuildProjectReferenceExistent.Extension)' == '.vcxproj' and '@(ProjectReferenceWithConfiguration)' != '' and '@(_MSBuildProjectReferenceExistent)' != '' and '$(_ClCompileGenerateXMLDocumentationFiles)' == 'true') a été évaluée comme ('' == '.vcxproj' and '' != '' and '' != '' and '' == 'true').
     1>Génération de la cible "ResolvedXDCMake" terminée dans le projet "ConsoleApplication1.vcxproj".
     1>Cible "ComputeCLCompileGeneratedXDCFiles" dans le fichier "C:\Program Files (x86)\Microsoft Visual Studio\2017\Community\Common7\IDE\VC\VCTargets\Microsoft.CppBuild.targets" du projet "C:\Users\Clément\source\repos\ConsoleApplication1\ConsoleApplication1\ConsoleApplication1.vcxproj" (la cible "_XdcMake" en dépend) :
     1>Génération de la cible "ComputeCLCompileGeneratedXDCFiles" terminée dans le projet "ConsoleApplication1.vcxproj".
     1>Cible "MakeDirsForXdcMake" dans le fichier "C:\Program Files (x86)\Microsoft Visual Studio\2017\Community\Common7\IDE\VC\VCTargets\Microsoft.CppBuild.targets" du projet "C:\Users\Clément\source\repos\ConsoleApplication1\ConsoleApplication1\ConsoleApplication1.vcxproj" (la cible "_XdcMake" en dépend) :
       Tâche "MakeDir"
       Exécution de la tâche "MakeDir" terminée.
     1>Génération de la cible "MakeDirsForXdcMake" terminée dans le projet "ConsoleApplication1.vcxproj".
       Cible "XdcMake" ignorée en raison d'une fausse condition ; ('@(XdcMake)' != '') a été évaluée comme ('' != '').
     1>Cible "_XdcMake" dans le fichier "C:\Program Files (x86)\Microsoft Visual Studio\2017\Community\Common7\IDE\VC\VCTargets\Microsoft.CppBuild.targets" du projet "C:\Users\Clément\source\repos\ConsoleApplication1\ConsoleApplication1\ConsoleApplication1.vcxproj" (la cible "_BuildLinkAction" en dépend) :
     1>Génération de la cible "_XdcMake" terminée dans le projet "ConsoleApplication1.vcxproj".
     1>Cible "ComputeCLCompileGeneratedSbrFiles" dans le fichier "C:\Program Files (x86)\Microsoft Visual Studio\2017\Community\Common7\IDE\VC\VCTargets\Microsoft.CppBuild.targets" du projet "C:\Users\Clément\source\repos\ConsoleApplication1\ConsoleApplication1\ConsoleApplication1.vcxproj" (la cible "_BscMake" en dépend) :
     1>Génération de la cible "ComputeCLCompileGeneratedSbrFiles" terminée dans le projet "ConsoleApplication1.vcxproj".
     1>Cible "MakeDirsForBscMake" dans le fichier "C:\Program Files (x86)\Microsoft Visual Studio\2017\Community\Common7\IDE\VC\VCTargets\Microsoft.CppBuild.targets" du projet "C:\Users\Clément\source\repos\ConsoleApplication1\ConsoleApplication1\ConsoleApplication1.vcxproj" (la cible "_BscMake" en dépend) :
       Tâche "MakeDir"
       Exécution de la tâche "MakeDir" terminée.
     1>Génération de la cible "MakeDirsForBscMake" terminée dans le projet "ConsoleApplication1.vcxproj".
       Cible "BscMake" ignorée en raison d'une fausse condition ; ('@(BscMake)' != '') a été évaluée comme ('' != '').
       Cible "CustomBuildStep" ignorée en raison d'une fausse condition ; ('@(CustomBuildStep)' != '' and '$(SelectedFiles)'=='') a été évaluée comme ('' != '' and ''=='').
     1>Cible "_BscMake" dans le fichier "C:\Program Files (x86)\Microsoft Visual Studio\2017\Community\Common7\IDE\VC\VCTargets\Microsoft.CppBuild.targets" du projet "C:\Users\Clément\source\repos\ConsoleApplication1\ConsoleApplication1\ConsoleApplication1.vcxproj" (la cible "_BuildLinkAction" en dépend) :
     1>Génération de la cible "_BscMake" terminée dans le projet "ConsoleApplication1.vcxproj".
     1>Cible "_GenerateSatelliteAssemblyInputs" dans le fichier "C:\Program Files (x86)\Microsoft Visual Studio\2017\Community\MSBuild\15.0\Bin\Microsoft.Common.CurrentVersion.targets" du projet "C:\Users\Clément\source\repos\ConsoleApplication1\ConsoleApplication1\ConsoleApplication1.vcxproj" (la cible "CreateSatelliteAssemblies" en dépend) :
       Tâche "Warning" ignorée en raison d'une fausse condition ; ('@(ManifestResourceWithCulture)'!='' and '%(ManifestResourceWithCulture.EmittedForCompatibilityOnly)'=='') a été évaluée comme (''!='' and ''=='').
       Tâche "Warning" ignorée en raison d'une fausse condition ; ('@(ManifestNonResxWithCultureOnDisk)'!='' and '%(ManifestNonResxWithCultureOnDisk.EmittedForCompatibilityOnly)'=='') a été évaluée comme (''!='' and ''=='').
     1>Génération de la cible "_GenerateSatelliteAssemblyInputs" terminée dans le projet "ConsoleApplication1.vcxproj".
       Cible "ComputeIntermediateSatelliteAssemblies" ignorée en raison d'une fausse condition ; (@(ReferenceSatellitePaths->'%(DestinationSubDirectory)') != '') a été évaluée comme ( != '').
       Cible "GenerateSatelliteAssemblies" ignorée en raison d'une fausse condition ; ('@(_SatelliteAssemblyResourceInputs)' != '') a été évaluée comme ('' != '').
     1>Cible "CreateSatelliteAssemblies" dans le fichier "C:\Program Files (x86)\Microsoft Visual Studio\2017\Community\MSBuild\15.0\Bin\Microsoft.Common.CurrentVersion.targets" du projet "C:\Users\Clément\source\repos\ConsoleApplication1\ConsoleApplication1\ConsoleApplication1.vcxproj" (la cible "_BuildLinkAction" en dépend) :
     1>Génération de la cible "CreateSatelliteAssemblies" terminée dans le projet "ConsoleApplication1.vcxproj".
     1>Cible "_Appverifier" dans le fichier "C:\Program Files (x86)\Microsoft Visual Studio\2017\Community\Common7\IDE\VC\VCTargets\Microsoft.CppBuild.targets" du projet "C:\Users\Clément\source\repos\ConsoleApplication1\ConsoleApplication1\ConsoleApplication1.vcxproj" (la cible "_BuildLinkAction" en dépend) :
     1>Génération de la cible "_Appverifier" terminée dans le projet "ConsoleApplication1.vcxproj".
     1>Cible "_Deploy" dans le fichier "C:\Program Files (x86)\Microsoft Visual Studio\2017\Community\Common7\IDE\VC\VCTargets\Microsoft.CppBuild.targets" du projet "C:\Users\Clément\source\repos\ConsoleApplication1\ConsoleApplication1\ConsoleApplication1.vcxproj" (la cible "_BuildLinkAction" en dépend) :
     1>Génération de la cible "_Deploy" terminée dans le projet "ConsoleApplication1.vcxproj".
       Cible "ComputeIntermediateSatelliteAssemblies" ignorée en raison d'une fausse condition ; (@(ReferenceSatellitePaths->'%(DestinationSubDirectory)') != '') a été évaluée comme ( != '').
       Cible "_CopyFilesMarkedCopyLocal" ignorée en raison d'une fausse condition ; ('@(ReferenceCopyLocalPaths)' != '') a été évaluée comme ('' != '').
       Cible "AssignTargetPaths" ignorée. Elle a été générée.
       Cible "_SplitProjectReferencesByFileExistence" ignorée. Elle a été générée.
       Cible "_GetProjectReferenceTargetFrameworkProperties" ignorée. Elle a été générée.
     1>Cible "GetCopyToOutputDirectoryXamlAppDefs" dans le fichier "C:\WINDOWS\Microsoft.NET\Framework\v4.0.30319\Microsoft.Xaml.targets" du projet "C:\Users\Clément\source\repos\ConsoleApplication1\ConsoleApplication1\ConsoleApplication1.vcxproj" (la cible "GetCopyToOutputDirectoryItems" en dépend) :
       Tâche "AssignTargetPath"
       Exécution de la tâche "AssignTargetPath" terminée.
     1>Génération de la cible "GetCopyToOutputDirectoryXamlAppDefs" terminée dans le projet "ConsoleApplication1.vcxproj".
     1>Cible "GetCopyToOutputDirectoryItems" dans le fichier "C:\Program Files (x86)\Microsoft Visual Studio\2017\Community\MSBuild\15.0\Bin\Microsoft.Common.CurrentVersion.targets" du projet "C:\Users\Clément\source\repos\ConsoleApplication1\ConsoleApplication1\ConsoleApplication1.vcxproj" (la cible "_CopySourceItemsToOutputDirectory" en dépend) :
       Tâche "MSBuild" ignorée en raison d'une fausse condition ; ('@(_MSBuildProjectReferenceExistent)' != '' and '$(_GetChildProjectCopyToOutputDirectoryItems)' == 'true' and '%(_MSBuildProjectReferenceExistent.Private)' != 'false' and '$(UseCommonOutputDirectory)' != 'true') a été évaluée comme ('' != '' and 'true' == 'true' and '' != 'false' and 'false' != 'true').
       Tâche "AssignTargetPath"
       Exécution de la tâche "AssignTargetPath" terminée.
     1>Génération de la cible "GetCopyToOutputDirectoryItems" terminée dans le projet "ConsoleApplication1.vcxproj".
       Cible "_CopyOutOfDateSourceItemsToOutputDirectory" ignorée en raison d'une fausse condition ; ( '@(_SourceItemsToCopyToOutputDirectory)' != '' ) a été évaluée comme ( '' != '' ).
       Cible "_CopyOutOfDateSourceItemsToOutputDirectoryAlways" ignorée en raison d'une fausse condition ; ( '@(_SourceItemsToCopyToOutputDirectoryAlways)' != '' ) a été évaluée comme ( '' != '' ).
     1>Cible "_CopySourceItemsToOutputDirectory" dans le fichier "C:\Program Files (x86)\Microsoft Visual Studio\2017\Community\MSBuild\15.0\Bin\Microsoft.Common.CurrentVersion.targets" du projet "C:\Users\Clément\source\repos\ConsoleApplication1\ConsoleApplication1\ConsoleApplication1.vcxproj" (la cible "CopyFilesToOutputDirectory" en dépend) :
     1>Génération de la cible "_CopySourceItemsToOutputDirectory" terminée dans le projet "ConsoleApplication1.vcxproj".
       Cible "_CopyAppConfigFile" ignorée en raison d'une fausse condition ; ( '@(AppConfigWithTargetPath)' != '' ) a été évaluée comme ( '' != '' ).
       Cible "_CopyManifestFiles" ignorée en raison d'une fausse condition ; ( '$(_DeploymentCopyApplicationManifest)'=='true' or '$(GenerateClickOnceManifests)'=='true' ) a été évaluée comme ( ''=='true' or ''=='true' ).
     1>Cible "_CheckForCompileOutputs" dans le fichier "C:\Program Files (x86)\Microsoft Visual Studio\2017\Community\MSBuild\15.0\Bin\Microsoft.Common.CurrentVersion.targets" du projet "C:\Users\Clément\source\repos\ConsoleApplication1\ConsoleApplication1\ConsoleApplication1.vcxproj" (la cible "CopyFilesToOutputDirectory" en dépend) :
     1>Génération de la cible "_CheckForCompileOutputs" terminée dans le projet "ConsoleApplication1.vcxproj".
       Cible "_SGenCheckForOutputs" ignorée en raison d'une fausse condition ; ('$(_SGenGenerateSerializationAssembliesConfig)' == 'On' or ('@(WebReferenceUrl)'!='' and '$(_SGenGenerateSerializationAssembliesConfig)' == 'Auto')) a été évaluée comme ('Off' == 'On' or (''!='' and 'Off' == 'Auto')).
     1>Cible "CopyFilesToOutputDirectory" dans le fichier "C:\Program Files (x86)\Microsoft Visual Studio\2017\Community\MSBuild\15.0\Bin\Microsoft.Common.CurrentVersion.targets" du projet "C:\Users\Clément\source\repos\ConsoleApplication1\ConsoleApplication1\ConsoleApplication1.vcxproj" (la cible "PrepareForRun" en dépend) :
       Tâche "Copy" ignorée en raison d'une fausse condition ; ('$(CopyBuildOutputToOutputDirectory)' == 'true' and '$(SkipCopyBuildProduct)' != 'true') a été évaluée comme ('true' == 'true' and 'true' != 'true').
       Tâche "CopyRefAssembly" ignorée en raison d'une fausse condition ; ('$(ProduceReferenceAssembly)' == 'true' and '$(CopyBuildOutputToOutputDirectory)' == 'true' and '$(SkipCopyBuildProduct)' != 'true') a été évaluée comme ('false' == 'true' and 'true' == 'true' and 'true' != 'true').
       Tâche "Message" ignorée en raison d'une fausse condition ; ('$(CopyBuildOutputToOutputDirectory)' == 'true' and '$(SkipCopyBuildProduct)'!='true') a été évaluée comme ('true' == 'true' and 'true'!='true').
       Tâche "Copy" ignorée en raison d'une fausse condition ; ('@(AddModules)' != '') a été évaluée comme ('' != '').
       Tâche "Copy" ignorée en raison d'une fausse condition ; ('$(_SGenDllCreated)'=='true') a été évaluée comme ('false'=='true').
       Tâche "Copy" ignorée en raison d'une fausse condition ; ('$(_DebugSymbolsProduced)'=='true' and '$(SkipCopyingSymbolsToOutputDirectory)' != 'true' and '$(CopyOutputSymbolsToOutputDirectory)'=='true') a été évaluée comme ('false'=='true' and '' != 'true' and 'true'=='true').
       Tâche "Copy" ignorée en raison d'une fausse condition ; ('$(_DocumentationFileProduced)'=='true') a été évaluée comme ('false'=='true').
       Tâche "Copy" ignorée en raison d'une fausse condition ; ('@(IntermediateSatelliteAssembliesWithTargetPath)' != '') a été évaluée comme ('' != '').
       Tâche "Copy" ignorée en raison d'une fausse condition ; ('@(ReferenceComWrappersToCopyLocal)' != '' or '@(ResolvedIsolatedComModules)' != '' or '@(_DeploymentLooseManifestFile)' != '' or '@(NativeReferenceFile)' != '' ) a été évaluée comme ('' != '' or '' != '' or '' != '' or '' != '' ).
       Tâche "Copy" ignorée en raison d'une fausse condition ; ('$(SkipCopyWinMDArtifact)' != 'true' and '@(WinMDExpArtifacts)' != '') a été évaluée comme ('' != 'true' and '' != '').
       Tâche "Message" ignorée en raison d'une fausse condition ; ('$(SkipCopyWinMDArtifact)' != 'true' and '$(_WindowsMetadataOutputPath)' != '') a été évaluée comme ('' != 'true' and '' != '').
     1>Génération de la cible "CopyFilesToOutputDirectory" terminée dans le projet "ConsoleApplication1.vcxproj".
     1>Cible "PrepareForRun" dans le fichier "C:\Program Files (x86)\Microsoft Visual Studio\2017\Community\MSBuild\15.0\Bin\Microsoft.Common.CurrentVersion.targets" du projet "C:\Users\Clément\source\repos\ConsoleApplication1\ConsoleApplication1\ConsoleApplication1.vcxproj" (la cible "_BuildLinkAction" en dépend) :
     1>Génération de la cible "PrepareForRun" terminée dans le projet "ConsoleApplication1.vcxproj".
       Cible "CustomBuildStep" ignorée en raison d'une fausse condition ; ('@(CustomBuildStep)' != '' and '$(SelectedFiles)'=='') a été évaluée comme ('' != '' and ''=='').
     1>Cible "PostBuildEvent" dans le fichier "C:\Program Files (x86)\Microsoft Visual Studio\2017\Community\Common7\IDE\VC\VCTargets\Microsoft.CppCommon.targets" du projet "C:\Users\Clément\source\repos\ConsoleApplication1\ConsoleApplication1\ConsoleApplication1.vcxproj" (la cible "_BuildLinkAction" en dépend) :
       Tâche "Message" ignorée en raison d'une fausse condition ; ('%(PostBuildEvent.Message)' != '' and '%(PostBuildEvent.Command)' != '') a été évaluée comme ('' != '' and '' != '').
       Tâche "Exec" ignorée en raison d'une fausse condition ; ('%(PostBuildEvent.Command)' != '') a été évaluée comme ('' != '').
     1>Génération de la cible "PostBuildEvent" terminée dans le projet "ConsoleApplication1.vcxproj".
     1>Cible "_BuildLinkAction" dans le fichier "C:\Program Files (x86)\Microsoft Visual Studio\2017\Community\Common7\IDE\VC\VCTargets\Microsoft.CppBuild.targets" du projet "C:\Users\Clément\source\repos\ConsoleApplication1\ConsoleApplication1\ConsoleApplication1.vcxproj" (la cible "BuildLink" en dépend) :
     1>Génération de la cible "_BuildLinkAction" terminée dans le projet "ConsoleApplication1.vcxproj".
     1>Cible "BuildLink" dans le fichier "C:\Program Files (x86)\Microsoft Visual Studio\2017\Community\MSBuild\15.0\Bin\Microsoft.Common.CurrentVersion.targets" du projet "C:\Users\Clément\source\repos\ConsoleApplication1\ConsoleApplication1\ConsoleApplication1.vcxproj" (la cible "Build" en dépend) :
     1>Génération de la cible "BuildLink" terminée dans le projet "ConsoleApplication1.vcxproj".
     1>Cible "AfterBuild" dans le fichier "C:\Program Files (x86)\Microsoft Visual Studio\2017\Community\Common7\IDE\VC\VCTargets\Microsoft.BuildSteps.Targets" du projet "C:\Users\Clément\source\repos\ConsoleApplication1\ConsoleApplication1\ConsoleApplication1.vcxproj" (la cible "Build" en dépend) :
     1>Génération de la cible "AfterBuild" terminée dans le projet "ConsoleApplication1.vcxproj".
     1>Cible "FinalizeBuildStatus" dans le fichier "C:\Program Files (x86)\Microsoft Visual Studio\2017\Community\Common7\IDE\VC\VCTargets\Microsoft.CppBuild.targets" du projet "C:\Users\Clément\source\repos\ConsoleApplication1\ConsoleApplication1\ConsoleApplication1.vcxproj" (la cible "Build" en dépend) :
       Tâche "Delete"
         Suppression du fichier "Debug\ConsoleA.7196996B.tlog\unsuccessfulbuild".
       Exécution de la tâche "Delete" terminée.
       Tâche "Touch"
         Mise à jour de l'horodatage "Debug\ConsoleA.7196996B.tlog\ConsoleApplication1.lastbuildstate".
       Exécution de la tâche "Touch" terminée.
     1>Génération de la cible "FinalizeBuildStatus" terminée dans le projet "ConsoleApplication1.vcxproj".
       Cible "_CheckForInvalidConfigurationAndPlatform" ignorée. Elle a été générée.
       Cible "_CheckForInvalidConfigurationAndPlatform" ignorée. Elle a été générée.
     1>Cible "Build" dans le fichier "C:\Program Files (x86)\Microsoft Visual Studio\2017\Community\Common7\IDE\VC\VCTargets\Microsoft.BuildSteps.Targets" du projet "C:\Users\Clément\source\repos\ConsoleApplication1\ConsoleApplication1\ConsoleApplication1.vcxproj" (point d'entrée) :
     1>Génération de la cible "Build" terminée dans le projet "ConsoleApplication1.vcxproj".
     1>Génération du projet "C:\Users\Clément\source\repos\ConsoleApplication1\ConsoleApplication1\ConsoleApplication1.vcxproj" terminée (Build cible(s)).

La génération a réussi.
    0 Avertissement(s)
    0 Erreur(s)

Temps écoulé 00:00:03.36
